{
  "stats": {
    "suites": 1,
    "tests": 1,
    "passes": 1,
    "pending": 0,
    "failures": 0,
    "start": "2023-12-26T17:22:29.512Z",
    "end": "2023-12-26T17:22:31.352Z",
    "duration": 1840,
    "testsRegistered": 1,
    "passPercent": 100,
    "pendingPercent": 0,
    "other": 0,
    "hasOther": false,
    "skipped": 0,
    "hasSkipped": false
  },
  "results": [
    {
      "uuid": "39ebf587-eaca-498b-a399-aa075a775bd1",
      "title": "",
      "fullFile": "cypress/e2e/hw-7-CypressFirstUITest/modalOverlaysDialog /openDialog.spec.js",
      "file": "cypress/e2e/hw-7-CypressFirstUITest/modalOverlaysDialog /openDialog.spec.js",
      "beforeHooks": [],
      "afterHooks": [],
      "tests": [],
      "suites": [
        {
          "uuid": "db60292f-2774-46eb-8e60-f19bda4ed428",
          "title": "Dialog tub",
          "fullFile": "",
          "file": "",
          "beforeHooks": [],
          "afterHooks": [],
          "tests": [
            {
              "title": "Check popover",
              "fullTitle": "Dialog tub Check popover",
              "timedOut": null,
              "duration": 1796,
              "state": "passed",
              "speed": "fast",
              "pass": true,
              "fail": false,
              "pending": false,
              "context": null,
              "code": "const name = \"Admin\";\ncy.visit(\"/pages/modal-overlays/dialog\");\ncy.get(\"nb-card-body.result-from-dialog > button\").click();\ncy.get(\"input[placeholder='Name']\").type(name);\ncy.get(\"button[status='success']\").click();\ncy.get(\"nb-card-body.result-from-dialog > ul > li\").should(\"have.text\", name);",
              "err": {},
              "uuid": "5b2241d3-194e-4dc5-aea8-c948d5e3dc2b",
              "parentUUID": "db60292f-2774-46eb-8e60-f19bda4ed428",
              "isHook": false,
              "skipped": false
            }
          ],
          "suites": [],
          "passes": [
            "5b2241d3-194e-4dc5-aea8-c948d5e3dc2b"
          ],
          "failures": [],
          "pending": [],
          "skipped": [],
          "duration": 1796,
          "root": false,
          "rootEmpty": false,
          "_timeout": 2000
        }
      ],
      "passes": [],
      "failures": [],
      "pending": [],
      "skipped": [],
      "duration": 0,
      "root": true,
      "rootEmpty": true,
      "_timeout": 2000
    }
  ],
  "meta": {
    "mocha": {
      "version": "7.0.1"
    },
    "mochawesome": {
      "options": {
        "quiet": false,
        "reportFilename": "mochawesome",
        "saveHtml": false,
        "saveJson": true,
        "consoleReporter": "spec",
        "useInlineDiffs": false,
        "code": true
      },
      "version": "7.1.3"
    },
    "marge": {
      "options": {
        "reportDir": "cypress/results",
        "overwrite": false,
        "html": false,
        "json": true
      },
      "version": "6.2.0"
    }
  }
}