{
  "stats": {
    "suites": 1,
    "tests": 2,
    "passes": 2,
    "pending": 0,
    "failures": 0,
    "start": "2023-12-25T18:23:18.173Z",
    "end": "2023-12-25T18:23:18.494Z",
    "duration": 321,
    "testsRegistered": 2,
    "passPercent": 100,
    "pendingPercent": 0,
    "other": 0,
    "hasOther": false,
    "skipped": 0,
    "hasSkipped": false
  },
  "results": [
    {
      "uuid": "23931b72-1d8b-443f-b2d7-8781601edb1b",
      "title": "",
      "fullFile": "cypress/e2e/smoke-tests/test1.spec.js",
      "file": "cypress/e2e/smoke-tests/test1.spec.js",
      "beforeHooks": [],
      "afterHooks": [],
      "tests": [],
      "suites": [
        {
          "uuid": "ae11aba4-b607-430f-beca-b21bca491436",
          "title": "test1",
          "fullFile": "",
          "file": "",
          "beforeHooks": [],
          "afterHooks": [],
          "tests": [
            {
              "title": "GET request ",
              "fullTitle": "test1 GET request ",
              "timedOut": null,
              "duration": 106,
              "state": "passed",
              "speed": "fast",
              "pass": true,
              "fail": false,
              "pending": false,
              "context": null,
              "code": "cy.request(\"GET\", baseUrl).then(response => {\n  expect(response.status).eq(200);\n  expect(response.body).lengthOf(100);\n});",
              "err": {},
              "uuid": "7fc03940-f203-4b80-bb28-2bf19ddbdc1c",
              "parentUUID": "ae11aba4-b607-430f-beca-b21bca491436",
              "isHook": false,
              "skipped": false
            },
            {
              "title": "POST request ",
              "fullTitle": "test1 POST request ",
              "timedOut": null,
              "duration": 160,
              "state": "passed",
              "speed": "fast",
              "pass": true,
              "fail": false,
              "pending": false,
              "context": null,
              "code": "cy.request(\"POST\", baseUrl, {\n  fixture: \"user\"\n}).then(response => {\n  expect(response.status).eq(201);\n  expect(response.statusText).eq(\"Created\");\n});",
              "err": {},
              "uuid": "0c4819a1-aa9e-449c-a351-57b1f871c793",
              "parentUUID": "ae11aba4-b607-430f-beca-b21bca491436",
              "isHook": false,
              "skipped": false
            }
          ],
          "suites": [],
          "passes": [
            "7fc03940-f203-4b80-bb28-2bf19ddbdc1c",
            "0c4819a1-aa9e-449c-a351-57b1f871c793"
          ],
          "failures": [],
          "pending": [],
          "skipped": [],
          "duration": 266,
          "root": false,
          "rootEmpty": false,
          "_timeout": 2000
        }
      ],
      "passes": [],
      "failures": [],
      "pending": [],
      "skipped": [],
      "duration": 0,
      "root": true,
      "rootEmpty": true,
      "_timeout": 2000
    }
  ],
  "meta": {
    "mocha": {
      "version": "7.0.1"
    },
    "mochawesome": {
      "options": {
        "quiet": false,
        "reportFilename": "mochawesome",
        "saveHtml": false,
        "saveJson": true,
        "consoleReporter": "spec",
        "useInlineDiffs": false,
        "code": true
      },
      "version": "7.1.3"
    },
    "marge": {
      "options": {
        "reportDir": "cypress/results",
        "overwrite": false,
        "html": false,
        "json": true
      },
      "version": "6.2.0"
    }
  }
}