{
  "stats": {
    "suites": 1,
    "tests": 2,
    "passes": 2,
    "pending": 0,
    "failures": 0,
    "start": "2024-02-09T19:34:23.443Z",
    "end": "2024-02-09T19:34:23.896Z",
    "duration": 453,
    "testsRegistered": 2,
    "passPercent": 100,
    "pendingPercent": 0,
    "other": 0,
    "hasOther": false,
    "skipped": 0,
    "hasSkipped": false
  },
  "results": [
    {
      "uuid": "27f4fa71-9ecd-402e-b0bf-2b09fcb286f2",
      "title": "",
      "fullFile": "cypress/e2e/smoke-tests/test1.spec.js",
      "file": "cypress/e2e/smoke-tests/test1.spec.js",
      "beforeHooks": [],
      "afterHooks": [],
      "tests": [],
      "suites": [
        {
          "uuid": "f927987a-27da-415f-9c23-eea41483c4a7",
          "title": "test1",
          "fullFile": "",
          "file": "",
          "beforeHooks": [],
          "afterHooks": [],
          "tests": [
            {
              "title": "GET request ",
              "fullTitle": "test1 GET request ",
              "timedOut": null,
              "duration": 209,
              "state": "passed",
              "speed": "fast",
              "pass": true,
              "fail": false,
              "pending": false,
              "context": null,
              "code": "cy.request(\"GET\", baseUrl).then(response => {\n  expect(response.status).eq(200);\n  expect(response.body).lengthOf(100);\n});",
              "err": {},
              "uuid": "e8a910a3-be96-4ac9-8a64-257af02cc653",
              "parentUUID": "f927987a-27da-415f-9c23-eea41483c4a7",
              "isHook": false,
              "skipped": false
            },
            {
              "title": "POST request ",
              "fullTitle": "test1 POST request ",
              "timedOut": null,
              "duration": 182,
              "state": "passed",
              "speed": "fast",
              "pass": true,
              "fail": false,
              "pending": false,
              "context": null,
              "code": "cy.request(\"POST\", baseUrl, {\n  fixture: \"user\"\n}).then(response => {\n  expect(response.status).eq(201);\n  expect(response.statusText).eq(\"Created\");\n});",
              "err": {},
              "uuid": "fade1b55-8d93-44e7-8c7a-b391cbcbb794",
              "parentUUID": "f927987a-27da-415f-9c23-eea41483c4a7",
              "isHook": false,
              "skipped": false
            }
          ],
          "suites": [],
          "passes": [
            "e8a910a3-be96-4ac9-8a64-257af02cc653",
            "fade1b55-8d93-44e7-8c7a-b391cbcbb794"
          ],
          "failures": [],
          "pending": [],
          "skipped": [],
          "duration": 391,
          "root": false,
          "rootEmpty": false,
          "_timeout": 2000
        }
      ],
      "passes": [],
      "failures": [],
      "pending": [],
      "skipped": [],
      "duration": 0,
      "root": true,
      "rootEmpty": true,
      "_timeout": 2000
    }
  ],
  "meta": {
    "mocha": {
      "version": "7.0.1"
    },
    "mochawesome": {
      "options": {
        "quiet": false,
        "reportFilename": "mochawesome",
        "saveHtml": false,
        "saveJson": true,
        "consoleReporter": "spec",
        "useInlineDiffs": false,
        "code": true
      },
      "version": "7.1.3"
    },
    "marge": {
      "options": {
        "reportDir": "cypress/results",
        "overwrite": false,
        "html": false,
        "json": true
      },
      "version": "6.2.0"
    }
  }
}