{
  "stats": {
    "suites": 1,
    "tests": 2,
    "passes": 2,
    "pending": 0,
    "failures": 0,
    "start": "2023-12-26T17:23:17.234Z",
    "end": "2023-12-26T17:23:23.566Z",
    "duration": 6332,
    "testsRegistered": 2,
    "passPercent": 100,
    "pendingPercent": 0,
    "other": 0,
    "hasOther": false,
    "skipped": 0,
    "hasSkipped": false
  },
  "results": [
    {
      "uuid": "c1d9e399-042f-4571-bd74-90a576ae4c34",
      "title": "",
      "fullFile": "cypress/e2e/pageObjectTests/loginPageTest.Test.spec.js",
      "file": "cypress/e2e/pageObjectTests/loginPageTest.Test.spec.js",
      "beforeHooks": [],
      "afterHooks": [],
      "tests": [],
      "suites": [
        {
          "uuid": "1c8f1fb0-5b01-4c23-9d90-fdcd4b34885a",
          "title": "Login test with PageObject",
          "fullFile": "",
          "file": "",
          "beforeHooks": [],
          "afterHooks": [],
          "tests": [
            {
              "title": "Negative test",
              "fullTitle": "Login test with PageObject Negative test",
              "timedOut": null,
              "duration": 1542,
              "state": "passed",
              "speed": "fast",
              "pass": true,
              "fail": false,
              "pending": false,
              "context": null,
              "code": "loginPage.emailInput.click().type('asd');\nloginPage.passwordInput.click().type('123');\nloginPage.emailError.should(\"contain\", \"Email should be the real one!\");\nloginPage.customCheckbox.click();\nloginPage.passwordError.should(\"contain\", \"Password should contain from 4 to 50 characters\");\nloginPage.loginButton.should('be.disabled');",
              "err": {},
              "uuid": "bab0abca-fa1b-4f97-baef-c65f7ff9842e",
              "parentUUID": "1c8f1fb0-5b01-4c23-9d90-fdcd4b34885a",
              "isHook": false,
              "skipped": false
            },
            {
              "title": "Positive test",
              "fullTitle": "Login test with PageObject Positive test",
              "timedOut": null,
              "duration": 4669,
              "state": "passed",
              "speed": "fast",
              "pass": true,
              "fail": false,
              "pending": false,
              "context": null,
              "code": "loginPage.emailInput.click().type('test@i.ua');\nloginPage.passwordInput.click().type('pass');\nloginPage.customCheckbox.click();\nloginPage.loginButton.click();\nheaderPage.iconUI.should(\"be.visible\");",
              "err": {},
              "uuid": "32997125-11ad-4078-9156-00bb93851fd9",
              "parentUUID": "1c8f1fb0-5b01-4c23-9d90-fdcd4b34885a",
              "isHook": false,
              "skipped": false
            }
          ],
          "suites": [],
          "passes": [
            "bab0abca-fa1b-4f97-baef-c65f7ff9842e",
            "32997125-11ad-4078-9156-00bb93851fd9"
          ],
          "failures": [],
          "pending": [],
          "skipped": [],
          "duration": 6211,
          "root": false,
          "rootEmpty": false,
          "_timeout": 2000
        }
      ],
      "passes": [],
      "failures": [],
      "pending": [],
      "skipped": [],
      "duration": 0,
      "root": true,
      "rootEmpty": true,
      "_timeout": 2000
    }
  ],
  "meta": {
    "mocha": {
      "version": "7.0.1"
    },
    "mochawesome": {
      "options": {
        "quiet": false,
        "reportFilename": "mochawesome",
        "saveHtml": false,
        "saveJson": true,
        "consoleReporter": "spec",
        "useInlineDiffs": false,
        "code": true
      },
      "version": "7.1.3"
    },
    "marge": {
      "options": {
        "reportDir": "cypress/results",
        "overwrite": false,
        "html": false,
        "json": true
      },
      "version": "6.2.0"
    }
  }
}