{
  "stats": {
    "suites": 1,
    "tests": 2,
    "passes": 2,
    "pending": 0,
    "failures": 0,
    "start": "2023-12-26T17:33:22.945Z",
    "end": "2023-12-26T17:33:29.210Z",
    "duration": 6265,
    "testsRegistered": 2,
    "passPercent": 100,
    "pendingPercent": 0,
    "other": 0,
    "hasOther": false,
    "skipped": 0,
    "hasSkipped": false
  },
  "results": [
    {
      "uuid": "98a42621-8664-44db-ada1-1e3b378a5d67",
      "title": "",
      "fullFile": "cypress/e2e/pageObjectTests/loginPageTest.Test.spec.js",
      "file": "cypress/e2e/pageObjectTests/loginPageTest.Test.spec.js",
      "beforeHooks": [],
      "afterHooks": [],
      "tests": [],
      "suites": [
        {
          "uuid": "45571ee3-43db-477a-b17c-28f8bc61befa",
          "title": "Login test with PageObject",
          "fullFile": "",
          "file": "",
          "beforeHooks": [],
          "afterHooks": [],
          "tests": [
            {
              "title": "Negative test",
              "fullTitle": "Login test with PageObject Negative test",
              "timedOut": null,
              "duration": 1488,
              "state": "passed",
              "speed": "fast",
              "pass": true,
              "fail": false,
              "pending": false,
              "context": null,
              "code": "loginPage.emailInput.click().type('asd');\nloginPage.passwordInput.click().type('123');\nloginPage.emailError.should(\"contain\", \"Email should be the real one!\");\nloginPage.customCheckbox.click();\nloginPage.passwordError.should(\"contain\", \"Password should contain from 4 to 50 characters\");\nloginPage.loginButton.should('be.disabled');",
              "err": {},
              "uuid": "4c7ae7c7-4853-44f8-81b4-78bee900d674",
              "parentUUID": "45571ee3-43db-477a-b17c-28f8bc61befa",
              "isHook": false,
              "skipped": false
            },
            {
              "title": "Positive test",
              "fullTitle": "Login test with PageObject Positive test",
              "timedOut": null,
              "duration": 4700,
              "state": "passed",
              "speed": "fast",
              "pass": true,
              "fail": false,
              "pending": false,
              "context": null,
              "code": "loginPage.emailInput.click().type('test@i.ua');\nloginPage.passwordInput.click().type('pass');\nloginPage.customCheckbox.click();\nloginPage.loginButton.click();\nheaderPage.iconUI.should(\"be.visible\");",
              "err": {},
              "uuid": "a5dfd561-9661-41cc-b474-215617603209",
              "parentUUID": "45571ee3-43db-477a-b17c-28f8bc61befa",
              "isHook": false,
              "skipped": false
            }
          ],
          "suites": [],
          "passes": [
            "4c7ae7c7-4853-44f8-81b4-78bee900d674",
            "a5dfd561-9661-41cc-b474-215617603209"
          ],
          "failures": [],
          "pending": [],
          "skipped": [],
          "duration": 6188,
          "root": false,
          "rootEmpty": false,
          "_timeout": 2000
        }
      ],
      "passes": [],
      "failures": [],
      "pending": [],
      "skipped": [],
      "duration": 0,
      "root": true,
      "rootEmpty": true,
      "_timeout": 2000
    }
  ],
  "meta": {
    "mocha": {
      "version": "7.0.1"
    },
    "mochawesome": {
      "options": {
        "quiet": false,
        "reportFilename": "mochawesome",
        "saveHtml": false,
        "saveJson": true,
        "consoleReporter": "spec",
        "useInlineDiffs": false,
        "code": true
      },
      "version": "7.1.3"
    },
    "marge": {
      "options": {
        "reportDir": "cypress/results",
        "overwrite": false,
        "html": false,
        "json": true
      },
      "version": "6.2.0"
    }
  }
}