{
  "stats": {
    "suites": 1,
    "tests": 3,
    "passes": 3,
    "pending": 0,
    "failures": 0,
    "start": "2023-12-25T18:49:31.284Z",
    "end": "2023-12-25T18:49:33.449Z",
    "duration": 2165,
    "testsRegistered": 3,
    "passPercent": 100,
    "pendingPercent": 0,
    "other": 0,
    "hasOther": false,
    "skipped": 0,
    "hasSkipped": false
  },
  "results": [
    {
      "uuid": "bd9ecd80-d203-42fe-b55d-1ca794cd353f",
      "title": "",
      "fullFile": "cypress/e2e/pageObjectTests/forgotPasswordTest.spec.js",
      "file": "cypress/e2e/pageObjectTests/forgotPasswordTest.spec.js",
      "beforeHooks": [],
      "afterHooks": [],
      "tests": [],
      "suites": [
        {
          "uuid": "58a1505f-071a-42e3-9452-7294916823ae",
          "title": "Forgot password page",
          "fullFile": "",
          "file": "",
          "beforeHooks": [],
          "afterHooks": [],
          "tests": [
            {
              "title": "Negative test",
              "fullTitle": "Forgot password page Negative test",
              "timedOut": null,
              "duration": 1123,
              "state": "passed",
              "speed": "fast",
              "pass": true,
              "fail": false,
              "pending": false,
              "context": null,
              "code": "forgotPassword.emailInput.type('asd');\nforgotPassword.title.click();\nforgotPassword.emailError.should(\"contain\", \"Email should be the real one!\");",
              "err": {},
              "uuid": "9b6470c8-e1ae-4ce0-bf72-77205e4a920e",
              "parentUUID": "58a1505f-071a-42e3-9452-7294916823ae",
              "isHook": false,
              "skipped": false
            },
            {
              "title": "Check button \"Register\"  ",
              "fullTitle": "Forgot password page Check button \"Register\"  ",
              "timedOut": null,
              "duration": 501,
              "state": "passed",
              "speed": "fast",
              "pass": true,
              "fail": false,
              "pending": false,
              "context": null,
              "code": "forgotPassword.registerButton.click();\nregisterPage.title.should(\"contain.text\", \"Register\");",
              "err": {},
              "uuid": "8f295159-c453-4e9f-8f6e-3b46b3f45521",
              "parentUUID": "58a1505f-071a-42e3-9452-7294916823ae",
              "isHook": false,
              "skipped": false
            },
            {
              "title": "Check button \"Back to Login\"  ",
              "fullTitle": "Forgot password page Check button \"Back to Login\"  ",
              "timedOut": null,
              "duration": 465,
              "state": "passed",
              "speed": "fast",
              "pass": true,
              "fail": false,
              "pending": false,
              "context": null,
              "code": "forgotPassword.backToLoginButton.click();\nloginPage.title.should(\"contain.text\", \"Login\");",
              "err": {},
              "uuid": "ddd36f96-d1fd-4ed6-b0d8-150460108f6f",
              "parentUUID": "58a1505f-071a-42e3-9452-7294916823ae",
              "isHook": false,
              "skipped": false
            }
          ],
          "suites": [],
          "passes": [
            "9b6470c8-e1ae-4ce0-bf72-77205e4a920e",
            "8f295159-c453-4e9f-8f6e-3b46b3f45521",
            "ddd36f96-d1fd-4ed6-b0d8-150460108f6f"
          ],
          "failures": [],
          "pending": [],
          "skipped": [],
          "duration": 2089,
          "root": false,
          "rootEmpty": false,
          "_timeout": 2000
        }
      ],
      "passes": [],
      "failures": [],
      "pending": [],
      "skipped": [],
      "duration": 0,
      "root": true,
      "rootEmpty": true,
      "_timeout": 2000
    }
  ],
  "meta": {
    "mocha": {
      "version": "7.0.1"
    },
    "mochawesome": {
      "options": {
        "quiet": false,
        "reportFilename": "mochawesome",
        "saveHtml": false,
        "saveJson": true,
        "consoleReporter": "spec",
        "useInlineDiffs": false,
        "code": true
      },
      "version": "7.1.3"
    },
    "marge": {
      "options": {
        "reportDir": "cypress/results",
        "overwrite": false,
        "html": false,
        "json": true
      },
      "version": "6.2.0"
    }
  }
}