{
  "stats": {
    "suites": 1,
    "tests": 3,
    "passes": 3,
    "pending": 0,
    "failures": 0,
    "start": "2024-02-09T19:43:53.920Z",
    "end": "2024-02-09T19:43:56.287Z",
    "duration": 2367,
    "testsRegistered": 3,
    "passPercent": 100,
    "pendingPercent": 0,
    "other": 0,
    "hasOther": false,
    "skipped": 0,
    "hasSkipped": false
  },
  "results": [
    {
      "uuid": "a8f0b8c6-b0a5-4335-948d-74858a6545d1",
      "title": "",
      "fullFile": "cypress/e2e/pageObjectTests/forgotPasswordTest.spec.js",
      "file": "cypress/e2e/pageObjectTests/forgotPasswordTest.spec.js",
      "beforeHooks": [],
      "afterHooks": [],
      "tests": [],
      "suites": [
        {
          "uuid": "2e8c1281-be6b-4709-8300-f5ab14ff6320",
          "title": "Forgot password page",
          "fullFile": "",
          "file": "",
          "beforeHooks": [],
          "afterHooks": [],
          "tests": [
            {
              "title": "Negative test",
              "fullTitle": "Forgot password page Negative test",
              "timedOut": null,
              "duration": 1221,
              "state": "passed",
              "speed": "fast",
              "pass": true,
              "fail": false,
              "pending": false,
              "context": null,
              "code": "forgotPassword.emailInput.type('asd');\nforgotPassword.title.click();\nforgotPassword.emailError.should(\"contain\", \"Email should be the real one!\");",
              "err": {},
              "uuid": "f788f3a2-13f6-45fe-8a75-2b490fe92734",
              "parentUUID": "2e8c1281-be6b-4709-8300-f5ab14ff6320",
              "isHook": false,
              "skipped": false
            },
            {
              "title": "Check button \"Register\"  ",
              "fullTitle": "Forgot password page Check button \"Register\"  ",
              "timedOut": null,
              "duration": 570,
              "state": "passed",
              "speed": "fast",
              "pass": true,
              "fail": false,
              "pending": false,
              "context": null,
              "code": "forgotPassword.registerButton.click();\nregisterPage.title.should(\"contain.text\", \"Register\");",
              "err": {},
              "uuid": "c5c25b1a-ff8e-436d-a494-045df5ddfe06",
              "parentUUID": "2e8c1281-be6b-4709-8300-f5ab14ff6320",
              "isHook": false,
              "skipped": false
            },
            {
              "title": "Check button \"Back to Login\"  ",
              "fullTitle": "Forgot password page Check button \"Back to Login\"  ",
              "timedOut": null,
              "duration": 491,
              "state": "passed",
              "speed": "fast",
              "pass": true,
              "fail": false,
              "pending": false,
              "context": null,
              "code": "forgotPassword.backToLoginButton.click();\nloginPage.title.should(\"contain.text\", \"Login\");",
              "err": {},
              "uuid": "ca2130cc-f4f9-4fbc-9483-67216dfe78bb",
              "parentUUID": "2e8c1281-be6b-4709-8300-f5ab14ff6320",
              "isHook": false,
              "skipped": false
            }
          ],
          "suites": [],
          "passes": [
            "f788f3a2-13f6-45fe-8a75-2b490fe92734",
            "c5c25b1a-ff8e-436d-a494-045df5ddfe06",
            "ca2130cc-f4f9-4fbc-9483-67216dfe78bb"
          ],
          "failures": [],
          "pending": [],
          "skipped": [],
          "duration": 2282,
          "root": false,
          "rootEmpty": false,
          "_timeout": 2000
        }
      ],
      "passes": [],
      "failures": [],
      "pending": [],
      "skipped": [],
      "duration": 0,
      "root": true,
      "rootEmpty": true,
      "_timeout": 2000
    }
  ],
  "meta": {
    "mocha": {
      "version": "7.0.1"
    },
    "mochawesome": {
      "options": {
        "quiet": false,
        "reportFilename": "mochawesome",
        "saveHtml": false,
        "saveJson": true,
        "consoleReporter": "spec",
        "useInlineDiffs": false,
        "code": true
      },
      "version": "7.1.3"
    },
    "marge": {
      "options": {
        "reportDir": "cypress/results",
        "overwrite": false,
        "html": false,
        "json": true
      },
      "version": "6.2.0"
    }
  }
}