{
  "stats": {
    "suites": 1,
    "tests": 1,
    "passes": 1,
    "pending": 0,
    "failures": 0,
    "start": "2024-02-09T19:29:59.960Z",
    "end": "2024-02-09T19:30:02.156Z",
    "duration": 2196,
    "testsRegistered": 1,
    "passPercent": 100,
    "pendingPercent": 0,
    "other": 0,
    "hasOther": false,
    "skipped": 0,
    "hasSkipped": false
  },
  "results": [
    {
      "uuid": "7ebf09b2-d9b4-4854-b37b-1984cf8a142e",
      "title": "",
      "fullFile": "cypress/e2e/pageObjectTests/datePickerTest.spec.js",
      "file": "cypress/e2e/pageObjectTests/datePickerTest.spec.js",
      "beforeHooks": [],
      "afterHooks": [],
      "tests": [],
      "suites": [
        {
          "uuid": "9f3dd003-1b0d-4d68-a079-e57d42f3a18d",
          "title": "Date picker tests with PageObject",
          "fullFile": "",
          "file": "",
          "beforeHooks": [],
          "afterHooks": [],
          "tests": [
            {
              "title": "Check that present date is displayed correctly in the input",
              "fullTitle": "Date picker tests with PageObject Check that present date is displayed correctly in the input",
              "timedOut": null,
              "duration": 2142,
              "state": "passed",
              "speed": "fast",
              "pass": true,
              "fail": false,
              "pending": false,
              "context": null,
              "code": "datePickerPage.openDatePickerPage();\ndatePickerPage.formPicker.click();\ndatePickerPage.todayDayButton.click();\ndatePickerPage.formPicker.should('have.value', today);",
              "err": {},
              "uuid": "c9258eab-d43d-4d1a-aae7-98c1da2f3044",
              "parentUUID": "9f3dd003-1b0d-4d68-a079-e57d42f3a18d",
              "isHook": false,
              "skipped": false
            }
          ],
          "suites": [],
          "passes": [
            "c9258eab-d43d-4d1a-aae7-98c1da2f3044"
          ],
          "failures": [],
          "pending": [],
          "skipped": [],
          "duration": 2142,
          "root": false,
          "rootEmpty": false,
          "_timeout": 2000
        }
      ],
      "passes": [],
      "failures": [],
      "pending": [],
      "skipped": [],
      "duration": 0,
      "root": true,
      "rootEmpty": true,
      "_timeout": 2000
    }
  ],
  "meta": {
    "mocha": {
      "version": "7.0.1"
    },
    "mochawesome": {
      "options": {
        "quiet": false,
        "reportFilename": "mochawesome",
        "saveHtml": false,
        "saveJson": true,
        "consoleReporter": "spec",
        "useInlineDiffs": false,
        "code": true
      },
      "version": "7.1.3"
    },
    "marge": {
      "options": {
        "reportDir": "cypress/results",
        "overwrite": false,
        "html": false,
        "json": true
      },
      "version": "6.2.0"
    }
  }
}