{
  "stats": {
    "suites": 1,
    "tests": 5,
    "passes": 5,
    "pending": 0,
    "failures": 0,
    "start": "2023-12-25T18:50:12.687Z",
    "end": "2023-12-25T18:50:13.758Z",
    "duration": 1071,
    "testsRegistered": 5,
    "passPercent": 100,
    "pendingPercent": 0,
    "other": 0,
    "hasOther": false,
    "skipped": 0,
    "hasSkipped": false
  },
  "results": [
    {
      "uuid": "ea323bfc-6345-4069-9156-90da0cbce41c",
      "title": "",
      "fullFile": "cypress/e2e/smoke-tests/api.spec.js",
      "file": "cypress/e2e/smoke-tests/api.spec.js",
      "beforeHooks": [],
      "afterHooks": [],
      "tests": [],
      "suites": [
        {
          "uuid": "0513364a-cc51-4c52-8ff4-7842c2386192",
          "title": "API request",
          "fullFile": "",
          "file": "",
          "beforeHooks": [],
          "afterHooks": [],
          "tests": [
            {
              "title": "GET request ",
              "fullTitle": "API request GET request ",
              "timedOut": null,
              "duration": 272,
              "state": "passed",
              "speed": "fast",
              "pass": true,
              "fail": false,
              "pending": false,
              "context": null,
              "code": "cy.request(\"GET\", baseUrl).then(response => {\n  expect(response.status).eq(200);\n  expect(response.body).lengthOf(100);\n});",
              "err": {},
              "uuid": "595f684d-290d-43c9-9fb1-6e745d4c52d9",
              "parentUUID": "0513364a-cc51-4c52-8ff4-7842c2386192",
              "isHook": false,
              "skipped": false
            },
            {
              "title": "POST request ",
              "fullTitle": "API request POST request ",
              "timedOut": null,
              "duration": 168,
              "state": "passed",
              "speed": "fast",
              "pass": true,
              "fail": false,
              "pending": false,
              "context": null,
              "code": "cy.request(\"POST\", baseUrl, {\n  fixture: \"user\"\n}).then(response => {\n  expect(response.status).eq(201);\n  expect(response.statusText).eq(\"Created\");\n});",
              "err": {},
              "uuid": "80f3b46a-ccc0-4c90-b165-903b819544a0",
              "parentUUID": "0513364a-cc51-4c52-8ff4-7842c2386192",
              "isHook": false,
              "skipped": false
            },
            {
              "title": "PUT request test ",
              "fullTitle": "API request PUT request test ",
              "timedOut": null,
              "duration": 168,
              "state": "passed",
              "speed": "fast",
              "pass": true,
              "fail": false,
              "pending": false,
              "context": null,
              "code": "cy.request(\"PUT\", baseUrl + userId, {\n  fixture: \"user\"\n}).its(\"status\").should(\"eq\", 200);",
              "err": {},
              "uuid": "3c42a202-711c-4c88-aca6-c366e9bdf450",
              "parentUUID": "0513364a-cc51-4c52-8ff4-7842c2386192",
              "isHook": false,
              "skipped": false
            },
            {
              "title": "PATCH request ",
              "fullTitle": "API request PATCH request ",
              "timedOut": null,
              "duration": 161,
              "state": "passed",
              "speed": "fast",
              "pass": true,
              "fail": false,
              "pending": false,
              "context": null,
              "code": "cy.request(\"PATCH\", baseUrl + userId, {\n  \"title\": \"Hillel\"\n}).then(response => {\n  expect(response.status).eq(200);\n  expect(response.body).to.have.property('title', 'Hillel');\n});",
              "err": {},
              "uuid": "aa28b94f-5c41-429e-9db6-e614ba457053",
              "parentUUID": "0513364a-cc51-4c52-8ff4-7842c2386192",
              "isHook": false,
              "skipped": false
            },
            {
              "title": "DELETE request ",
              "fullTitle": "API request DELETE request ",
              "timedOut": null,
              "duration": 179,
              "state": "passed",
              "speed": "fast",
              "pass": true,
              "fail": false,
              "pending": false,
              "context": null,
              "code": "cy.request(\"DELETE\", baseUrl + userId).then(response => {\n  expect(response.status).eq(200);\n  expect(response.duration).lessThan(200);\n});",
              "err": {},
              "uuid": "a13aed46-b71a-4e97-bf86-7af4fa7fe863",
              "parentUUID": "0513364a-cc51-4c52-8ff4-7842c2386192",
              "isHook": false,
              "skipped": false
            }
          ],
          "suites": [],
          "passes": [
            "595f684d-290d-43c9-9fb1-6e745d4c52d9",
            "80f3b46a-ccc0-4c90-b165-903b819544a0",
            "3c42a202-711c-4c88-aca6-c366e9bdf450",
            "aa28b94f-5c41-429e-9db6-e614ba457053",
            "a13aed46-b71a-4e97-bf86-7af4fa7fe863"
          ],
          "failures": [],
          "pending": [],
          "skipped": [],
          "duration": 948,
          "root": false,
          "rootEmpty": false,
          "_timeout": 2000
        }
      ],
      "passes": [],
      "failures": [],
      "pending": [],
      "skipped": [],
      "duration": 0,
      "root": true,
      "rootEmpty": true,
      "_timeout": 2000
    }
  ],
  "meta": {
    "mocha": {
      "version": "7.0.1"
    },
    "mochawesome": {
      "options": {
        "quiet": false,
        "reportFilename": "mochawesome",
        "saveHtml": false,
        "saveJson": true,
        "consoleReporter": "spec",
        "useInlineDiffs": false,
        "code": true
      },
      "version": "7.1.3"
    },
    "marge": {
      "options": {
        "reportDir": "cypress/results",
        "overwrite": false,
        "html": false,
        "json": true
      },
      "version": "6.2.0"
    }
  }
}