{
  "stats": {
    "suites": 1,
    "tests": 1,
    "passes": 1,
    "pending": 0,
    "failures": 0,
    "start": "2024-02-09T20:10:23.236Z",
    "end": "2024-02-09T20:10:24.793Z",
    "duration": 1557,
    "testsRegistered": 1,
    "passPercent": 100,
    "pendingPercent": 0,
    "other": 0,
    "hasOther": false,
    "skipped": 0,
    "hasSkipped": false
  },
  "results": [
    {
      "uuid": "cd924eaa-b17c-4e93-933d-5760a35fe405",
      "title": "",
      "fullFile": "cypress/e2e/hw-7-CypressFirstUITest/modalOverlaysPopover/popoverPosition.spec.js",
      "file": "cypress/e2e/hw-7-CypressFirstUITest/modalOverlaysPopover/popoverPosition.spec.js",
      "beforeHooks": [],
      "afterHooks": [],
      "tests": [],
      "suites": [
        {
          "uuid": "7d527467-ac3c-47b0-91b4-3f4414eb6b82",
          "title": "Popover tub",
          "fullFile": "",
          "file": "",
          "beforeHooks": [],
          "afterHooks": [],
          "tests": [
            {
              "title": "Check popover",
              "fullTitle": "Popover tub Check popover",
              "timedOut": null,
              "duration": 1514,
              "state": "passed",
              "speed": "fast",
              "pass": true,
              "fail": false,
              "pending": false,
              "context": null,
              "code": "cy.visit(\"/pages/modal-overlays/popover\");\ncy.contains(\"Right\").trigger(\"mouseenter\");\ncy.get(\".primitive-overlay\").should(\"be.visible\");",
              "err": {},
              "uuid": "3e1f9d06-45d5-4f93-8cae-f96eb0e3a8b6",
              "parentUUID": "7d527467-ac3c-47b0-91b4-3f4414eb6b82",
              "isHook": false,
              "skipped": false
            }
          ],
          "suites": [],
          "passes": [
            "3e1f9d06-45d5-4f93-8cae-f96eb0e3a8b6"
          ],
          "failures": [],
          "pending": [],
          "skipped": [],
          "duration": 1514,
          "root": false,
          "rootEmpty": false,
          "_timeout": 2000
        }
      ],
      "passes": [],
      "failures": [],
      "pending": [],
      "skipped": [],
      "duration": 0,
      "root": true,
      "rootEmpty": true,
      "_timeout": 2000
    }
  ],
  "meta": {
    "mocha": {
      "version": "7.0.1"
    },
    "mochawesome": {
      "options": {
        "quiet": false,
        "reportFilename": "mochawesome",
        "saveHtml": false,
        "saveJson": true,
        "consoleReporter": "spec",
        "useInlineDiffs": false,
        "code": true
      },
      "version": "7.1.3"
    },
    "marge": {
      "options": {
        "reportDir": "cypress/results",
        "overwrite": false,
        "html": false,
        "json": true
      },
      "version": "6.2.0"
    }
  }
}