{
  "stats": {
    "suites": 1,
    "tests": 5,
    "passes": 5,
    "pending": 0,
    "failures": 0,
    "start": "2023-12-26T19:56:39.367Z",
    "end": "2023-12-26T19:56:43.272Z",
    "duration": 3905,
    "testsRegistered": 5,
    "passPercent": 100,
    "pendingPercent": 0,
    "other": 0,
    "hasOther": false,
    "skipped": 0,
    "hasSkipped": false
  },
  "results": [
    {
      "uuid": "53314e00-3734-4194-9a49-2ae5fe0248c9",
      "title": "",
      "fullFile": "cypress/e2e/hw-7-CypressFirstUITest/headerNav/header.spec.js",
      "file": "cypress/e2e/hw-7-CypressFirstUITest/headerNav/header.spec.js",
      "beforeHooks": [],
      "afterHooks": [],
      "tests": [],
      "suites": [
        {
          "uuid": "1027fbc9-fe25-48b6-9061-6d8b72914d6f",
          "title": "Header tests",
          "fullFile": "",
          "file": "",
          "beforeHooks": [],
          "afterHooks": [],
          "tests": [
            {
              "title": "Change to light color ",
              "fullTitle": "Header tests Change to light color ",
              "timedOut": null,
              "duration": 1303,
              "state": "passed",
              "speed": "fast",
              "pass": true,
              "fail": false,
              "pending": false,
              "context": null,
              "code": "cy.get(\"button.select-button\").invoke(\"text\").then(tub => {\n  const tubText = tub.trim();\n  cy.wrap(tubText).should(\"eq\", \"Light\");\n});\ncy.get(\"nb-layout-header nav\").should(\"have.css\", \"background-color\", colors.Light);",
              "err": {},
              "uuid": "ae04fdbd-a6e1-410e-a358-892d74988dd4",
              "parentUUID": "1027fbc9-fe25-48b6-9061-6d8b72914d6f",
              "isHook": false,
              "skipped": false
            },
            {
              "title": "Change to dark color",
              "fullTitle": "Header tests Change to dark color",
              "timedOut": null,
              "duration": 712,
              "state": "passed",
              "speed": "fast",
              "pass": true,
              "fail": false,
              "pending": false,
              "context": null,
              "code": "cy.get(\"button.select-button\").click();\ncy.get(\"nb-option[ng-reflect-value='dark']\").invoke(\"text\").then(tub => {\n  const tubText = tub.trim();\n  cy.wrap(tubText).should(\"eq\", \"Dark\");\n});\ncy.get(\"nb-option[ng-reflect-value='dark']\").click();\ncy.get(\"nb-layout-header nav\").should(\"have.css\", \"background-color\", colors.Dark);",
              "err": {},
              "uuid": "a0b45dbc-29dc-4605-95eb-576f93c79709",
              "parentUUID": "1027fbc9-fe25-48b6-9061-6d8b72914d6f",
              "isHook": false,
              "skipped": false
            },
            {
              "title": "Change to cosmic color",
              "fullTitle": "Header tests Change to cosmic color",
              "timedOut": null,
              "duration": 588,
              "state": "passed",
              "speed": "fast",
              "pass": true,
              "fail": false,
              "pending": false,
              "context": null,
              "code": "cy.get(\"button.select-button\").click();\ncy.get(\"nb-option[ng-reflect-value='cosmic']\").invoke(\"text\").then(tub => {\n  const tubText = tub.trim();\n  cy.wrap(tubText).should(\"eq\", \"Cosmic\");\n});\ncy.get(\"nb-option[ng-reflect-value='cosmic']\").click();\ncy.get(\"nb-layout-header nav\").should(\"have.css\", \"background-color\", colors.Cosmic);",
              "err": {},
              "uuid": "289d50bd-92de-4bd0-8668-d700f171bd08",
              "parentUUID": "1027fbc9-fe25-48b6-9061-6d8b72914d6f",
              "isHook": false,
              "skipped": false
            },
            {
              "title": "Change to corporate  color",
              "fullTitle": "Header tests Change to corporate  color",
              "timedOut": null,
              "duration": 574,
              "state": "passed",
              "speed": "fast",
              "pass": true,
              "fail": false,
              "pending": false,
              "context": null,
              "code": "cy.get(\"button.select-button\").click();\ncy.get(\"nb-option[ng-reflect-value='corporate']\").invoke(\"text\").then(tub => {\n  const tubText = tub.trim();\n  cy.wrap(tubText).should(\"eq\", \"Corporate\");\n});\ncy.get(\"nb-option[ng-reflect-value='corporate']\").click();\ncy.get(\"nb-layout-header nav\").should(\"have.css\", \"background-color\", colors.Corporate);",
              "err": {},
              "uuid": "5cfc8671-5579-48fc-b4f3-e193c7ee0aee",
              "parentUUID": "1027fbc9-fe25-48b6-9061-6d8b72914d6f",
              "isHook": false,
              "skipped": false
            },
            {
              "title": "Return Light color",
              "fullTitle": "Header tests Return Light color",
              "timedOut": null,
              "duration": 594,
              "state": "passed",
              "speed": "fast",
              "pass": true,
              "fail": false,
              "pending": false,
              "context": null,
              "code": "cy.get(\"button.select-button\").click();\ncy.get(\"nb-option[ng-reflect-value='default']\").invoke(\"text\").then(tub => {\n  const tubText = tub.trim();\n  cy.wrap(tubText).should(\"eq\", \"Light\");\n});\ncy.get(\"nb-option[ng-reflect-value='default']\").click();\ncy.get(\"nb-layout-header nav\").should(\"have.css\", \"background-color\", colors.Light);",
              "err": {},
              "uuid": "31dac5fb-f560-4ae7-a509-e9ccac65bce7",
              "parentUUID": "1027fbc9-fe25-48b6-9061-6d8b72914d6f",
              "isHook": false,
              "skipped": false
            }
          ],
          "suites": [],
          "passes": [
            "ae04fdbd-a6e1-410e-a358-892d74988dd4",
            "a0b45dbc-29dc-4605-95eb-576f93c79709",
            "289d50bd-92de-4bd0-8668-d700f171bd08",
            "5cfc8671-5579-48fc-b4f3-e193c7ee0aee",
            "31dac5fb-f560-4ae7-a509-e9ccac65bce7"
          ],
          "failures": [],
          "pending": [],
          "skipped": [],
          "duration": 3771,
          "root": false,
          "rootEmpty": false,
          "_timeout": 2000
        }
      ],
      "passes": [],
      "failures": [],
      "pending": [],
      "skipped": [],
      "duration": 0,
      "root": true,
      "rootEmpty": true,
      "_timeout": 2000
    }
  ],
  "meta": {
    "mocha": {
      "version": "7.0.1"
    },
    "mochawesome": {
      "options": {
        "quiet": false,
        "reportFilename": "mochawesome",
        "saveHtml": false,
        "saveJson": true,
        "consoleReporter": "spec",
        "useInlineDiffs": false,
        "code": true
      },
      "version": "7.1.3"
    },
    "marge": {
      "options": {
        "reportDir": "cypress/results",
        "overwrite": false,
        "html": false,
        "json": true
      },
      "version": "6.2.0"
    }
  }
}