{
  "stats": {
    "suites": 1,
    "tests": 2,
    "passes": 2,
    "pending": 0,
    "failures": 0,
    "start": "2023-12-25T18:22:35.506Z",
    "end": "2023-12-25T18:22:42.038Z",
    "duration": 6532,
    "testsRegistered": 2,
    "passPercent": 100,
    "pendingPercent": 0,
    "other": 0,
    "hasOther": false,
    "skipped": 0,
    "hasSkipped": false
  },
  "results": [
    {
      "uuid": "1d35b250-c540-4446-b240-1861bcb37f51",
      "title": "",
      "fullFile": "cypress/e2e/pageObjectTests/loginPageTest.Test.spec.js",
      "file": "cypress/e2e/pageObjectTests/loginPageTest.Test.spec.js",
      "beforeHooks": [],
      "afterHooks": [],
      "tests": [],
      "suites": [
        {
          "uuid": "9a578900-f3c4-45d7-ae21-86e99e551800",
          "title": "Login test with PageObject",
          "fullFile": "",
          "file": "",
          "beforeHooks": [],
          "afterHooks": [],
          "tests": [
            {
              "title": "Negative test",
              "fullTitle": "Login test with PageObject Negative test",
              "timedOut": null,
              "duration": 1645,
              "state": "passed",
              "speed": "fast",
              "pass": true,
              "fail": false,
              "pending": false,
              "context": null,
              "code": "loginPage.emailInput.click().type('asd');\nloginPage.passwordInput.click().type('123');\nloginPage.emailError.should(\"contain\", \"Email should be the real one!\");\nloginPage.customCheckbox.click();\nloginPage.passwordError.should(\"contain\", \"Password should contain from 4 to 50 characters\");\nloginPage.loginButton.should('be.disabled');",
              "err": {},
              "uuid": "e3f51f92-a7ff-4869-8635-ef666b753e5d",
              "parentUUID": "9a578900-f3c4-45d7-ae21-86e99e551800",
              "isHook": false,
              "skipped": false
            },
            {
              "title": "Positive test",
              "fullTitle": "Login test with PageObject Positive test",
              "timedOut": null,
              "duration": 4774,
              "state": "passed",
              "speed": "fast",
              "pass": true,
              "fail": false,
              "pending": false,
              "context": null,
              "code": "loginPage.emailInput.click().type('test@i.ua');\nloginPage.passwordInput.click().type('pass');\nloginPage.customCheckbox.click();\nloginPage.loginButton.click();\nheaderPage.iconUI.should(\"be.visible\");",
              "err": {},
              "uuid": "bbe127c1-266a-4221-a34a-d56b4b8460ba",
              "parentUUID": "9a578900-f3c4-45d7-ae21-86e99e551800",
              "isHook": false,
              "skipped": false
            }
          ],
          "suites": [],
          "passes": [
            "e3f51f92-a7ff-4869-8635-ef666b753e5d",
            "bbe127c1-266a-4221-a34a-d56b4b8460ba"
          ],
          "failures": [],
          "pending": [],
          "skipped": [],
          "duration": 6419,
          "root": false,
          "rootEmpty": false,
          "_timeout": 2000
        }
      ],
      "passes": [],
      "failures": [],
      "pending": [],
      "skipped": [],
      "duration": 0,
      "root": true,
      "rootEmpty": true,
      "_timeout": 2000
    }
  ],
  "meta": {
    "mocha": {
      "version": "7.0.1"
    },
    "mochawesome": {
      "options": {
        "quiet": false,
        "reportFilename": "mochawesome",
        "saveHtml": false,
        "saveJson": true,
        "consoleReporter": "spec",
        "useInlineDiffs": false,
        "code": true
      },
      "version": "7.1.3"
    },
    "marge": {
      "options": {
        "reportDir": "cypress/results",
        "overwrite": false,
        "html": false,
        "json": true
      },
      "version": "6.2.0"
    }
  }
}