{
  "stats": {
    "suites": 1,
    "tests": 3,
    "passes": 3,
    "pending": 0,
    "failures": 0,
    "start": "2023-12-26T17:33:12.060Z",
    "end": "2023-12-26T17:33:14.187Z",
    "duration": 2127,
    "testsRegistered": 3,
    "passPercent": 100,
    "pendingPercent": 0,
    "other": 0,
    "hasOther": false,
    "skipped": 0,
    "hasSkipped": false
  },
  "results": [
    {
      "uuid": "3625ac8e-840f-47ba-8ec5-00740da8f3ad",
      "title": "",
      "fullFile": "cypress/e2e/pageObjectTests/forgotPasswordTest.spec.js",
      "file": "cypress/e2e/pageObjectTests/forgotPasswordTest.spec.js",
      "beforeHooks": [],
      "afterHooks": [],
      "tests": [],
      "suites": [
        {
          "uuid": "77fac516-99a7-4a66-80fa-8a56111290bd",
          "title": "Forgot password page",
          "fullFile": "",
          "file": "",
          "beforeHooks": [],
          "afterHooks": [],
          "tests": [
            {
              "title": "Negative test",
              "fullTitle": "Forgot password page Negative test",
              "timedOut": null,
              "duration": 1153,
              "state": "passed",
              "speed": "fast",
              "pass": true,
              "fail": false,
              "pending": false,
              "context": null,
              "code": "forgotPassword.emailInput.type('asd');\nforgotPassword.title.click();\nforgotPassword.emailError.should(\"contain\", \"Email should be the real one!\");",
              "err": {},
              "uuid": "0260fca1-eb8d-464c-9ad1-afbefdf9c080",
              "parentUUID": "77fac516-99a7-4a66-80fa-8a56111290bd",
              "isHook": false,
              "skipped": false
            },
            {
              "title": "Check button \"Register\"  ",
              "fullTitle": "Forgot password page Check button \"Register\"  ",
              "timedOut": null,
              "duration": 473,
              "state": "passed",
              "speed": "fast",
              "pass": true,
              "fail": false,
              "pending": false,
              "context": null,
              "code": "forgotPassword.registerButton.click();\nregisterPage.title.should(\"contain.text\", \"Register\");",
              "err": {},
              "uuid": "96c667d6-a78f-4a96-a737-9d48ec3e88a2",
              "parentUUID": "77fac516-99a7-4a66-80fa-8a56111290bd",
              "isHook": false,
              "skipped": false
            },
            {
              "title": "Check button \"Back to Login\"  ",
              "fullTitle": "Forgot password page Check button \"Back to Login\"  ",
              "timedOut": null,
              "duration": 427,
              "state": "passed",
              "speed": "fast",
              "pass": true,
              "fail": false,
              "pending": false,
              "context": null,
              "code": "forgotPassword.backToLoginButton.click();\nloginPage.title.should(\"contain.text\", \"Login\");",
              "err": {},
              "uuid": "d83fb178-b7ac-4ff2-874e-5a99b7115fb3",
              "parentUUID": "77fac516-99a7-4a66-80fa-8a56111290bd",
              "isHook": false,
              "skipped": false
            }
          ],
          "suites": [],
          "passes": [
            "0260fca1-eb8d-464c-9ad1-afbefdf9c080",
            "96c667d6-a78f-4a96-a737-9d48ec3e88a2",
            "d83fb178-b7ac-4ff2-874e-5a99b7115fb3"
          ],
          "failures": [],
          "pending": [],
          "skipped": [],
          "duration": 2053,
          "root": false,
          "rootEmpty": false,
          "_timeout": 2000
        }
      ],
      "passes": [],
      "failures": [],
      "pending": [],
      "skipped": [],
      "duration": 0,
      "root": true,
      "rootEmpty": true,
      "_timeout": 2000
    }
  ],
  "meta": {
    "mocha": {
      "version": "7.0.1"
    },
    "mochawesome": {
      "options": {
        "quiet": false,
        "reportFilename": "mochawesome",
        "saveHtml": false,
        "saveJson": true,
        "consoleReporter": "spec",
        "useInlineDiffs": false,
        "code": true
      },
      "version": "7.1.3"
    },
    "marge": {
      "options": {
        "reportDir": "cypress/results",
        "overwrite": false,
        "html": false,
        "json": true
      },
      "version": "6.2.0"
    }
  }
}