{
  "stats": {
    "suites": 1,
    "tests": 1,
    "passes": 1,
    "pending": 0,
    "failures": 0,
    "start": "2024-02-09T20:15:15.689Z",
    "end": "2024-02-09T20:15:18.432Z",
    "duration": 2743,
    "testsRegistered": 1,
    "passPercent": 100,
    "pendingPercent": 0,
    "other": 0,
    "hasOther": false,
    "skipped": 0,
    "hasSkipped": false
  },
  "results": [
    {
      "uuid": "4c7fe5d0-b436-4497-8671-c7b844c8ee6c",
      "title": "",
      "fullFile": "cypress/e2e/pageObjectTests/datePickerTest.spec.js",
      "file": "cypress/e2e/pageObjectTests/datePickerTest.spec.js",
      "beforeHooks": [],
      "afterHooks": [],
      "tests": [],
      "suites": [
        {
          "uuid": "ae16f66e-7c36-444d-9a73-788fdefa63c4",
          "title": "Date picker tests with PageObject",
          "fullFile": "",
          "file": "",
          "beforeHooks": [],
          "afterHooks": [],
          "tests": [
            {
              "title": "Check that present date is displayed correctly in the input",
              "fullTitle": "Date picker tests with PageObject Check that present date is displayed correctly in the input",
              "timedOut": null,
              "duration": 2681,
              "state": "passed",
              "speed": "fast",
              "pass": true,
              "fail": false,
              "pending": false,
              "context": null,
              "code": "datePickerPage.openDatePickerPage();\ndatePickerPage.formPicker.click();\ndatePickerPage.todayDayButton.click();\ndatePickerPage.formPicker.should('have.value', today);",
              "err": {},
              "uuid": "e1bd5e5a-ca3d-4d54-9b99-4d8465539365",
              "parentUUID": "ae16f66e-7c36-444d-9a73-788fdefa63c4",
              "isHook": false,
              "skipped": false
            }
          ],
          "suites": [],
          "passes": [
            "e1bd5e5a-ca3d-4d54-9b99-4d8465539365"
          ],
          "failures": [],
          "pending": [],
          "skipped": [],
          "duration": 2681,
          "root": false,
          "rootEmpty": false,
          "_timeout": 2000
        }
      ],
      "passes": [],
      "failures": [],
      "pending": [],
      "skipped": [],
      "duration": 0,
      "root": true,
      "rootEmpty": true,
      "_timeout": 2000
    }
  ],
  "meta": {
    "mocha": {
      "version": "7.0.1"
    },
    "mochawesome": {
      "options": {
        "quiet": false,
        "reportFilename": "mochawesome",
        "saveHtml": false,
        "saveJson": true,
        "consoleReporter": "spec",
        "useInlineDiffs": false,
        "code": true
      },
      "version": "7.1.3"
    },
    "marge": {
      "options": {
        "reportDir": "cypress/results",
        "overwrite": false,
        "html": false,
        "json": true
      },
      "version": "6.2.0"
    }
  }
}