{
  "stats": {
    "suites": 1,
    "tests": 1,
    "passes": 1,
    "pending": 0,
    "failures": 0,
    "start": "2023-12-25T18:49:21.948Z",
    "end": "2023-12-25T18:49:23.344Z",
    "duration": 1396,
    "testsRegistered": 1,
    "passPercent": 100,
    "pendingPercent": 0,
    "other": 0,
    "hasOther": false,
    "skipped": 0,
    "hasSkipped": false
  },
  "results": [
    {
      "uuid": "579332d8-6ac8-41e1-8c89-86906a86ec35",
      "title": "",
      "fullFile": "cypress/e2e/pageObjectTests/datePickerTest.spec.js",
      "file": "cypress/e2e/pageObjectTests/datePickerTest.spec.js",
      "beforeHooks": [],
      "afterHooks": [],
      "tests": [],
      "suites": [
        {
          "uuid": "3af84224-5183-4db7-b3e8-fa82b9fec4de",
          "title": "Date picker tests with PageObject",
          "fullFile": "",
          "file": "",
          "beforeHooks": [],
          "afterHooks": [],
          "tests": [
            {
              "title": "Check that present date is displayed correctly in the input",
              "fullTitle": "Date picker tests with PageObject Check that present date is displayed correctly in the input",
              "timedOut": null,
              "duration": 1344,
              "state": "passed",
              "speed": "fast",
              "pass": true,
              "fail": false,
              "pending": false,
              "context": null,
              "code": "datePickerPage.openDatePickerPage();\ndatePickerPage.formPicker.click();\ndatePickerPage.todayDayButton.click();\ndatePickerPage.formPicker.should('have.value', today);",
              "err": {},
              "uuid": "cf176f46-512f-4d7c-aacc-c928faba1a12",
              "parentUUID": "3af84224-5183-4db7-b3e8-fa82b9fec4de",
              "isHook": false,
              "skipped": false
            }
          ],
          "suites": [],
          "passes": [
            "cf176f46-512f-4d7c-aacc-c928faba1a12"
          ],
          "failures": [],
          "pending": [],
          "skipped": [],
          "duration": 1344,
          "root": false,
          "rootEmpty": false,
          "_timeout": 2000
        }
      ],
      "passes": [],
      "failures": [],
      "pending": [],
      "skipped": [],
      "duration": 0,
      "root": true,
      "rootEmpty": true,
      "_timeout": 2000
    }
  ],
  "meta": {
    "mocha": {
      "version": "7.0.1"
    },
    "mochawesome": {
      "options": {
        "quiet": false,
        "reportFilename": "mochawesome",
        "saveHtml": false,
        "saveJson": true,
        "consoleReporter": "spec",
        "useInlineDiffs": false,
        "code": true
      },
      "version": "7.1.3"
    },
    "marge": {
      "options": {
        "reportDir": "cypress/results",
        "overwrite": false,
        "html": false,
        "json": true
      },
      "version": "6.2.0"
    }
  }
}