{
  "stats": {
    "suites": 1,
    "tests": 1,
    "passes": 1,
    "pending": 0,
    "failures": 0,
    "start": "2023-12-26T17:22:53.135Z",
    "end": "2023-12-26T17:22:54.582Z",
    "duration": 1447,
    "testsRegistered": 1,
    "passPercent": 100,
    "pendingPercent": 0,
    "other": 0,
    "hasOther": false,
    "skipped": 0,
    "hasSkipped": false
  },
  "results": [
    {
      "uuid": "e1b5ec7c-d430-4c98-898c-d4cc583d7ccb",
      "title": "",
      "fullFile": "cypress/e2e/pageObjectTests/datePickerTest.spec.js",
      "file": "cypress/e2e/pageObjectTests/datePickerTest.spec.js",
      "beforeHooks": [],
      "afterHooks": [],
      "tests": [],
      "suites": [
        {
          "uuid": "cf59e052-0edc-4df3-b8f4-a8dc0de8840a",
          "title": "Date picker tests with PageObject",
          "fullFile": "",
          "file": "",
          "beforeHooks": [],
          "afterHooks": [],
          "tests": [
            {
              "title": "Check that present date is displayed correctly in the input",
              "fullTitle": "Date picker tests with PageObject Check that present date is displayed correctly in the input",
              "timedOut": null,
              "duration": 1398,
              "state": "passed",
              "speed": "fast",
              "pass": true,
              "fail": false,
              "pending": false,
              "context": null,
              "code": "datePickerPage.openDatePickerPage();\ndatePickerPage.formPicker.click();\ndatePickerPage.todayDayButton.click();\ndatePickerPage.formPicker.should('have.value', today);",
              "err": {},
              "uuid": "99e5c173-fb0f-4ad9-bb35-540f33ba953a",
              "parentUUID": "cf59e052-0edc-4df3-b8f4-a8dc0de8840a",
              "isHook": false,
              "skipped": false
            }
          ],
          "suites": [],
          "passes": [
            "99e5c173-fb0f-4ad9-bb35-540f33ba953a"
          ],
          "failures": [],
          "pending": [],
          "skipped": [],
          "duration": 1398,
          "root": false,
          "rootEmpty": false,
          "_timeout": 2000
        }
      ],
      "passes": [],
      "failures": [],
      "pending": [],
      "skipped": [],
      "duration": 0,
      "root": true,
      "rootEmpty": true,
      "_timeout": 2000
    }
  ],
  "meta": {
    "mocha": {
      "version": "7.0.1"
    },
    "mochawesome": {
      "options": {
        "quiet": false,
        "reportFilename": "mochawesome",
        "saveHtml": false,
        "saveJson": true,
        "consoleReporter": "spec",
        "useInlineDiffs": false,
        "code": true
      },
      "version": "7.1.3"
    },
    "marge": {
      "options": {
        "reportDir": "cypress/results",
        "overwrite": false,
        "html": false,
        "json": true
      },
      "version": "6.2.0"
    }
  }
}