{
  "stats": {
    "suites": 1,
    "tests": 1,
    "passes": 1,
    "pending": 0,
    "failures": 0,
    "start": "2023-12-26T17:32:51.620Z",
    "end": "2023-12-26T17:32:53.109Z",
    "duration": 1489,
    "testsRegistered": 1,
    "passPercent": 100,
    "pendingPercent": 0,
    "other": 0,
    "hasOther": false,
    "skipped": 0,
    "hasSkipped": false
  },
  "results": [
    {
      "uuid": "b1b22951-98f0-4f22-826b-8d8831a62844",
      "title": "",
      "fullFile": "cypress/e2e/hw-7-CypressFirstUITest/modalOverlaysPopover/popoverPosition.spec.js",
      "file": "cypress/e2e/hw-7-CypressFirstUITest/modalOverlaysPopover/popoverPosition.spec.js",
      "beforeHooks": [],
      "afterHooks": [],
      "tests": [],
      "suites": [
        {
          "uuid": "58f55f18-c519-4b90-b691-27792ddc7483",
          "title": "Popover tub",
          "fullFile": "",
          "file": "",
          "beforeHooks": [],
          "afterHooks": [],
          "tests": [
            {
              "title": "Check popover",
              "fullTitle": "Popover tub Check popover",
              "timedOut": null,
              "duration": 1450,
              "state": "passed",
              "speed": "fast",
              "pass": true,
              "fail": false,
              "pending": false,
              "context": null,
              "code": "cy.visit(\"/pages/modal-overlays/popover\");\ncy.contains(\"Right\").trigger(\"mouseenter\");\ncy.get(\".primitive-overlay\").should(\"be.visible\");",
              "err": {},
              "uuid": "9730a3ae-85fa-43ec-8f3c-2a256ee8753c",
              "parentUUID": "58f55f18-c519-4b90-b691-27792ddc7483",
              "isHook": false,
              "skipped": false
            }
          ],
          "suites": [],
          "passes": [
            "9730a3ae-85fa-43ec-8f3c-2a256ee8753c"
          ],
          "failures": [],
          "pending": [],
          "skipped": [],
          "duration": 1450,
          "root": false,
          "rootEmpty": false,
          "_timeout": 2000
        }
      ],
      "passes": [],
      "failures": [],
      "pending": [],
      "skipped": [],
      "duration": 0,
      "root": true,
      "rootEmpty": true,
      "_timeout": 2000
    }
  ],
  "meta": {
    "mocha": {
      "version": "7.0.1"
    },
    "mochawesome": {
      "options": {
        "quiet": false,
        "reportFilename": "mochawesome",
        "saveHtml": false,
        "saveJson": true,
        "consoleReporter": "spec",
        "useInlineDiffs": false,
        "code": true
      },
      "version": "7.1.3"
    },
    "marge": {
      "options": {
        "reportDir": "cypress/results",
        "overwrite": false,
        "html": false,
        "json": true
      },
      "version": "6.2.0"
    }
  }
}