{
  "stats": {
    "suites": 1,
    "tests": 1,
    "passes": 1,
    "pending": 0,
    "failures": 0,
    "start": "2023-12-26T19:56:54.534Z",
    "end": "2023-12-26T19:56:56.554Z",
    "duration": 2020,
    "testsRegistered": 1,
    "passPercent": 100,
    "pendingPercent": 0,
    "other": 0,
    "hasOther": false,
    "skipped": 0,
    "hasSkipped": false
  },
  "results": [
    {
      "uuid": "b838ac90-2342-4376-9b96-ffaf7d64ded7",
      "title": "",
      "fullFile": "cypress/e2e/hw-7-CypressFirstUITest/modalOverlaysDialog /openDialog.spec.js",
      "file": "cypress/e2e/hw-7-CypressFirstUITest/modalOverlaysDialog /openDialog.spec.js",
      "beforeHooks": [],
      "afterHooks": [],
      "tests": [],
      "suites": [
        {
          "uuid": "2c0dbad0-a55c-4886-affb-f2c81bb12345",
          "title": "Dialog tub",
          "fullFile": "",
          "file": "",
          "beforeHooks": [],
          "afterHooks": [],
          "tests": [
            {
              "title": "Check popover",
              "fullTitle": "Dialog tub Check popover",
              "timedOut": null,
              "duration": 1968,
              "state": "passed",
              "speed": "fast",
              "pass": true,
              "fail": false,
              "pending": false,
              "context": null,
              "code": "const name = \"Admin\";\ncy.visit(\"/pages/modal-overlays/dialog\");\ncy.get(\"nb-card-body.result-from-dialog > button\").click();\ncy.get(\"input[placeholder='Name']\").type(name);\ncy.get(\"button[status='success']\").click();\ncy.get(\"nb-card-body.result-from-dialog > ul > li\").should(\"have.text\", name);",
              "err": {},
              "uuid": "c09b9740-e5ea-4352-82a2-9ef4dde6cd30",
              "parentUUID": "2c0dbad0-a55c-4886-affb-f2c81bb12345",
              "isHook": false,
              "skipped": false
            }
          ],
          "suites": [],
          "passes": [
            "c09b9740-e5ea-4352-82a2-9ef4dde6cd30"
          ],
          "failures": [],
          "pending": [],
          "skipped": [],
          "duration": 1968,
          "root": false,
          "rootEmpty": false,
          "_timeout": 2000
        }
      ],
      "passes": [],
      "failures": [],
      "pending": [],
      "skipped": [],
      "duration": 0,
      "root": true,
      "rootEmpty": true,
      "_timeout": 2000
    }
  ],
  "meta": {
    "mocha": {
      "version": "7.0.1"
    },
    "mochawesome": {
      "options": {
        "quiet": false,
        "reportFilename": "mochawesome",
        "saveHtml": false,
        "saveJson": true,
        "consoleReporter": "spec",
        "useInlineDiffs": false,
        "code": true
      },
      "version": "7.1.3"
    },
    "marge": {
      "options": {
        "reportDir": "cypress/results",
        "overwrite": false,
        "html": false,
        "json": true
      },
      "version": "6.2.0"
    }
  }
}