{
  "stats": {
    "suites": 1,
    "tests": 2,
    "passes": 2,
    "pending": 0,
    "failures": 0,
    "start": "2024-02-09T19:33:25.403Z",
    "end": "2024-02-09T19:33:33.794Z",
    "duration": 8391,
    "testsRegistered": 2,
    "passPercent": 100,
    "pendingPercent": 0,
    "other": 0,
    "hasOther": false,
    "skipped": 0,
    "hasSkipped": false
  },
  "results": [
    {
      "uuid": "88b45637-2578-4e10-83c1-5fbf25444ee9",
      "title": "",
      "fullFile": "cypress/e2e/pageObjectTests/loginPageTest.Test.spec.js",
      "file": "cypress/e2e/pageObjectTests/loginPageTest.Test.spec.js",
      "beforeHooks": [],
      "afterHooks": [],
      "tests": [],
      "suites": [
        {
          "uuid": "fca3a70f-d6a1-4170-a89f-eb338d93beb4",
          "title": "Login test with PageObject",
          "fullFile": "",
          "file": "",
          "beforeHooks": [],
          "afterHooks": [],
          "tests": [
            {
              "title": "Negative test",
              "fullTitle": "Login test with PageObject Negative test",
              "timedOut": null,
              "duration": 2557,
              "state": "passed",
              "speed": "fast",
              "pass": true,
              "fail": false,
              "pending": false,
              "context": null,
              "code": "loginPage.emailInput.click().type('asd');\nloginPage.passwordInput.click().type('123');\nloginPage.emailError.should(\"contain\", \"Email should be the real one!\");\nloginPage.customCheckbox.click();\nloginPage.passwordError.should(\"contain\", \"Password should contain from 4 to 50 characters\");\nloginPage.loginButton.should('be.disabled');",
              "err": {},
              "uuid": "cbe00055-5b6a-4ad9-8869-612d4af7bdf3",
              "parentUUID": "fca3a70f-d6a1-4170-a89f-eb338d93beb4",
              "isHook": false,
              "skipped": false
            },
            {
              "title": "Positive test",
              "fullTitle": "Login test with PageObject Positive test",
              "timedOut": null,
              "duration": 5686,
              "state": "passed",
              "speed": "medium",
              "pass": true,
              "fail": false,
              "pending": false,
              "context": null,
              "code": "loginPage.emailInput.click().type('test@i.ua');\nloginPage.passwordInput.click().type('pass');\nloginPage.customCheckbox.click();\nloginPage.loginButton.click();\nheaderPage.iconUI.should(\"be.visible\");",
              "err": {},
              "uuid": "acc617a8-871b-4a8d-b2db-18ad56ff9ff4",
              "parentUUID": "fca3a70f-d6a1-4170-a89f-eb338d93beb4",
              "isHook": false,
              "skipped": false
            }
          ],
          "suites": [],
          "passes": [
            "cbe00055-5b6a-4ad9-8869-612d4af7bdf3",
            "acc617a8-871b-4a8d-b2db-18ad56ff9ff4"
          ],
          "failures": [],
          "pending": [],
          "skipped": [],
          "duration": 8243,
          "root": false,
          "rootEmpty": false,
          "_timeout": 2000
        }
      ],
      "passes": [],
      "failures": [],
      "pending": [],
      "skipped": [],
      "duration": 0,
      "root": true,
      "rootEmpty": true,
      "_timeout": 2000
    }
  ],
  "meta": {
    "mocha": {
      "version": "7.0.1"
    },
    "mochawesome": {
      "options": {
        "quiet": false,
        "reportFilename": "mochawesome",
        "saveHtml": false,
        "saveJson": true,
        "consoleReporter": "spec",
        "useInlineDiffs": false,
        "code": true
      },
      "version": "7.1.3"
    },
    "marge": {
      "options": {
        "reportDir": "cypress/results",
        "overwrite": false,
        "html": false,
        "json": true
      },
      "version": "6.2.0"
    }
  }
}