{
  "stats": {
    "suites": 1,
    "tests": 3,
    "passes": 3,
    "pending": 0,
    "failures": 0,
    "start": "2023-12-26T19:57:33.268Z",
    "end": "2023-12-26T19:57:35.703Z",
    "duration": 2435,
    "testsRegistered": 3,
    "passPercent": 100,
    "pendingPercent": 0,
    "other": 0,
    "hasOther": false,
    "skipped": 0,
    "hasSkipped": false
  },
  "results": [
    {
      "uuid": "33d2ca8e-e7c7-47db-a0ea-2999fa1c266c",
      "title": "",
      "fullFile": "cypress/e2e/pageObjectTests/forgotPasswordTest.spec.js",
      "file": "cypress/e2e/pageObjectTests/forgotPasswordTest.spec.js",
      "beforeHooks": [],
      "afterHooks": [],
      "tests": [],
      "suites": [
        {
          "uuid": "d5654367-15ad-4262-b673-ae8576f880bc",
          "title": "Forgot password page",
          "fullFile": "",
          "file": "",
          "beforeHooks": [],
          "afterHooks": [],
          "tests": [
            {
              "title": "Negative test",
              "fullTitle": "Forgot password page Negative test",
              "timedOut": null,
              "duration": 1245,
              "state": "passed",
              "speed": "fast",
              "pass": true,
              "fail": false,
              "pending": false,
              "context": null,
              "code": "forgotPassword.emailInput.type('asd');\nforgotPassword.title.click();\nforgotPassword.emailError.should(\"contain\", \"Email should be the real one!\");",
              "err": {},
              "uuid": "e1da0259-e1c2-42c1-8eb5-98efc0e609c6",
              "parentUUID": "d5654367-15ad-4262-b673-ae8576f880bc",
              "isHook": false,
              "skipped": false
            },
            {
              "title": "Check button \"Register\"  ",
              "fullTitle": "Forgot password page Check button \"Register\"  ",
              "timedOut": null,
              "duration": 625,
              "state": "passed",
              "speed": "fast",
              "pass": true,
              "fail": false,
              "pending": false,
              "context": null,
              "code": "forgotPassword.registerButton.click();\nregisterPage.title.should(\"contain.text\", \"Register\");",
              "err": {},
              "uuid": "ddbbdbdf-b58d-4e4b-8ccc-35a35887acd3",
              "parentUUID": "d5654367-15ad-4262-b673-ae8576f880bc",
              "isHook": false,
              "skipped": false
            },
            {
              "title": "Check button \"Back to Login\"  ",
              "fullTitle": "Forgot password page Check button \"Back to Login\"  ",
              "timedOut": null,
              "duration": 487,
              "state": "passed",
              "speed": "fast",
              "pass": true,
              "fail": false,
              "pending": false,
              "context": null,
              "code": "forgotPassword.backToLoginButton.click();\nloginPage.title.should(\"contain.text\", \"Login\");",
              "err": {},
              "uuid": "acb45746-8c0e-4334-9cdf-10cfd0f3d95c",
              "parentUUID": "d5654367-15ad-4262-b673-ae8576f880bc",
              "isHook": false,
              "skipped": false
            }
          ],
          "suites": [],
          "passes": [
            "e1da0259-e1c2-42c1-8eb5-98efc0e609c6",
            "ddbbdbdf-b58d-4e4b-8ccc-35a35887acd3",
            "acb45746-8c0e-4334-9cdf-10cfd0f3d95c"
          ],
          "failures": [],
          "pending": [],
          "skipped": [],
          "duration": 2357,
          "root": false,
          "rootEmpty": false,
          "_timeout": 2000
        }
      ],
      "passes": [],
      "failures": [],
      "pending": [],
      "skipped": [],
      "duration": 0,
      "root": true,
      "rootEmpty": true,
      "_timeout": 2000
    }
  ],
  "meta": {
    "mocha": {
      "version": "7.0.1"
    },
    "mochawesome": {
      "options": {
        "quiet": false,
        "reportFilename": "mochawesome",
        "saveHtml": false,
        "saveJson": true,
        "consoleReporter": "spec",
        "useInlineDiffs": false,
        "code": true
      },
      "version": "7.1.3"
    },
    "marge": {
      "options": {
        "reportDir": "cypress/results",
        "overwrite": false,
        "html": false,
        "json": true
      },
      "version": "6.2.0"
    }
  }
}