{
  "stats": {
    "suites": 1,
    "tests": 5,
    "passes": 5,
    "pending": 0,
    "failures": 0,
    "start": "2023-12-25T18:43:28.918Z",
    "end": "2023-12-25T18:43:30.155Z",
    "duration": 1237,
    "testsRegistered": 5,
    "passPercent": 100,
    "pendingPercent": 0,
    "other": 0,
    "hasOther": false,
    "skipped": 0,
    "hasSkipped": false
  },
  "results": [
    {
      "uuid": "73465210-e20f-4c12-813d-09b7c9715267",
      "title": "",
      "fullFile": "cypress/e2e/smoke-tests/api.spec.js",
      "file": "cypress/e2e/smoke-tests/api.spec.js",
      "beforeHooks": [],
      "afterHooks": [],
      "tests": [],
      "suites": [
        {
          "uuid": "1ec726ce-a0a0-481f-856e-9875f0fcb474",
          "title": "API request",
          "fullFile": "",
          "file": "",
          "beforeHooks": [],
          "afterHooks": [],
          "tests": [
            {
              "title": "GET request ",
              "fullTitle": "API request GET request ",
              "timedOut": null,
              "duration": 227,
              "state": "passed",
              "speed": "fast",
              "pass": true,
              "fail": false,
              "pending": false,
              "context": null,
              "code": "cy.request(\"GET\", baseUrl).then(response => {\n  expect(response.status).eq(200);\n  expect(response.body).lengthOf(100);\n});",
              "err": {},
              "uuid": "d7b5463d-a3f4-476e-b1b6-599954273347",
              "parentUUID": "1ec726ce-a0a0-481f-856e-9875f0fcb474",
              "isHook": false,
              "skipped": false
            },
            {
              "title": "POST request ",
              "fullTitle": "API request POST request ",
              "timedOut": null,
              "duration": 170,
              "state": "passed",
              "speed": "fast",
              "pass": true,
              "fail": false,
              "pending": false,
              "context": null,
              "code": "cy.request(\"POST\", baseUrl, {\n  fixture: \"user\"\n}).then(response => {\n  expect(response.status).eq(201);\n  expect(response.statusText).eq(\"Created\");\n});",
              "err": {},
              "uuid": "bb27e8d6-116b-490f-b4b4-794794f4474c",
              "parentUUID": "1ec726ce-a0a0-481f-856e-9875f0fcb474",
              "isHook": false,
              "skipped": false
            },
            {
              "title": "PUT request test ",
              "fullTitle": "API request PUT request test ",
              "timedOut": null,
              "duration": 371,
              "state": "passed",
              "speed": "fast",
              "pass": true,
              "fail": false,
              "pending": false,
              "context": null,
              "code": "cy.request(\"PUT\", baseUrl + userId, {\n  fixture: \"user\"\n}).its(\"status\").should(\"eq\", 200);",
              "err": {},
              "uuid": "57f8fa17-6aef-417f-80bf-8b93ad407999",
              "parentUUID": "1ec726ce-a0a0-481f-856e-9875f0fcb474",
              "isHook": false,
              "skipped": false
            },
            {
              "title": "PATCH request ",
              "fullTitle": "API request PATCH request ",
              "timedOut": null,
              "duration": 164,
              "state": "passed",
              "speed": "fast",
              "pass": true,
              "fail": false,
              "pending": false,
              "context": null,
              "code": "cy.request(\"PATCH\", baseUrl + userId, {\n  \"title\": \"Hillel\"\n}).then(response => {\n  expect(response.status).eq(200);\n  expect(response.body).to.have.property('title', 'Hillel');\n});",
              "err": {},
              "uuid": "0eddbaf7-dd24-40d2-86b2-5ad239eaf814",
              "parentUUID": "1ec726ce-a0a0-481f-856e-9875f0fcb474",
              "isHook": false,
              "skipped": false
            },
            {
              "title": "DELETE request ",
              "fullTitle": "API request DELETE request ",
              "timedOut": null,
              "duration": 174,
              "state": "passed",
              "speed": "fast",
              "pass": true,
              "fail": false,
              "pending": false,
              "context": null,
              "code": "cy.request(\"DELETE\", baseUrl + userId).then(response => {\n  expect(response.status).eq(200);\n  expect(response.duration).lessThan(200);\n});",
              "err": {},
              "uuid": "823abd47-627b-4839-b070-4db5364e975e",
              "parentUUID": "1ec726ce-a0a0-481f-856e-9875f0fcb474",
              "isHook": false,
              "skipped": false
            }
          ],
          "suites": [],
          "passes": [
            "d7b5463d-a3f4-476e-b1b6-599954273347",
            "bb27e8d6-116b-490f-b4b4-794794f4474c",
            "57f8fa17-6aef-417f-80bf-8b93ad407999",
            "0eddbaf7-dd24-40d2-86b2-5ad239eaf814",
            "823abd47-627b-4839-b070-4db5364e975e"
          ],
          "failures": [],
          "pending": [],
          "skipped": [],
          "duration": 1106,
          "root": false,
          "rootEmpty": false,
          "_timeout": 2000
        }
      ],
      "passes": [],
      "failures": [],
      "pending": [],
      "skipped": [],
      "duration": 0,
      "root": true,
      "rootEmpty": true,
      "_timeout": 2000
    }
  ],
  "meta": {
    "mocha": {
      "version": "7.0.1"
    },
    "mochawesome": {
      "options": {
        "quiet": false,
        "reportFilename": "mochawesome",
        "saveHtml": false,
        "saveJson": true,
        "consoleReporter": "spec",
        "useInlineDiffs": false,
        "code": true
      },
      "version": "7.1.3"
    },
    "marge": {
      "options": {
        "reportDir": "cypress/results",
        "overwrite": false,
        "html": false,
        "json": true
      },
      "version": "6.2.0"
    }
  }
}