{
  "stats": {
    "suites": 1,
    "tests": 5,
    "passes": 5,
    "pending": 0,
    "failures": 0,
    "start": "2023-12-26T17:06:43.520Z",
    "end": "2023-12-26T17:06:47.691Z",
    "duration": 4171,
    "testsRegistered": 5,
    "passPercent": 100,
    "pendingPercent": 0,
    "other": 0,
    "hasOther": false,
    "skipped": 0,
    "hasSkipped": false
  },
  "results": [
    {
      "uuid": "bf45ce6f-f4d6-4817-9a4a-ab789901c431",
      "title": "",
      "fullFile": "cypress/e2e/hw-7-CypressFirstUITest/headerNav/header.spec.js",
      "file": "cypress/e2e/hw-7-CypressFirstUITest/headerNav/header.spec.js",
      "beforeHooks": [],
      "afterHooks": [],
      "tests": [],
      "suites": [
        {
          "uuid": "381c649a-4607-4be9-b9a9-442050f1c871",
          "title": "Header tests",
          "fullFile": "",
          "file": "",
          "beforeHooks": [],
          "afterHooks": [],
          "tests": [
            {
              "title": "Change to light color ",
              "fullTitle": "Header tests Change to light color ",
              "timedOut": null,
              "duration": 1378,
              "state": "passed",
              "speed": "fast",
              "pass": true,
              "fail": false,
              "pending": false,
              "context": null,
              "code": "cy.get(\"button.select-button\").invoke(\"text\").then(tub => {\n  const tubText = tub.trim();\n  cy.wrap(tubText).should(\"eq\", \"Light\");\n});\ncy.get(\"nb-layout-header nav\").should(\"have.css\", \"background-color\", colors.Light);",
              "err": {},
              "uuid": "4bef7724-1f57-4dd7-a385-c42381d14ba9",
              "parentUUID": "381c649a-4607-4be9-b9a9-442050f1c871",
              "isHook": false,
              "skipped": false
            },
            {
              "title": "Change to dark color",
              "fullTitle": "Header tests Change to dark color",
              "timedOut": null,
              "duration": 691,
              "state": "passed",
              "speed": "fast",
              "pass": true,
              "fail": false,
              "pending": false,
              "context": null,
              "code": "cy.get(\"button.select-button\").click();\ncy.get(\"nb-option[ng-reflect-value='dark']\").invoke(\"text\").then(tub => {\n  const tubText = tub.trim();\n  cy.wrap(tubText).should(\"eq\", \"Dark\");\n});\ncy.get(\"nb-option[ng-reflect-value='dark']\").click();\ncy.get(\"nb-layout-header nav\").should(\"have.css\", \"background-color\", colors.Dark);",
              "err": {},
              "uuid": "d27e5ba8-5b4a-4bea-a969-ce9c9d223531",
              "parentUUID": "381c649a-4607-4be9-b9a9-442050f1c871",
              "isHook": false,
              "skipped": false
            },
            {
              "title": "Change to cosmic color",
              "fullTitle": "Header tests Change to cosmic color",
              "timedOut": null,
              "duration": 628,
              "state": "passed",
              "speed": "fast",
              "pass": true,
              "fail": false,
              "pending": false,
              "context": null,
              "code": "cy.get(\"button.select-button\").click();\ncy.get(\"nb-option[ng-reflect-value='cosmic']\").invoke(\"text\").then(tub => {\n  const tubText = tub.trim();\n  cy.wrap(tubText).should(\"eq\", \"Cosmic\");\n});\ncy.get(\"nb-option[ng-reflect-value='cosmic']\").click();\ncy.get(\"nb-layout-header nav\").should(\"have.css\", \"background-color\", colors.Cosmic);",
              "err": {},
              "uuid": "121ee1e7-ae7b-4623-ab55-7183f997f52c",
              "parentUUID": "381c649a-4607-4be9-b9a9-442050f1c871",
              "isHook": false,
              "skipped": false
            },
            {
              "title": "Change to corporate  color",
              "fullTitle": "Header tests Change to corporate  color",
              "timedOut": null,
              "duration": 714,
              "state": "passed",
              "speed": "fast",
              "pass": true,
              "fail": false,
              "pending": false,
              "context": null,
              "code": "cy.get(\"button.select-button\").click();\ncy.get(\"nb-option[ng-reflect-value='corporate']\").invoke(\"text\").then(tub => {\n  const tubText = tub.trim();\n  cy.wrap(tubText).should(\"eq\", \"Corporate\");\n});\ncy.get(\"nb-option[ng-reflect-value='corporate']\").click();\ncy.get(\"nb-layout-header nav\").should(\"have.css\", \"background-color\", colors.Corporate);",
              "err": {},
              "uuid": "c0abaf29-18bd-43b2-aea1-481bc8850900",
              "parentUUID": "381c649a-4607-4be9-b9a9-442050f1c871",
              "isHook": false,
              "skipped": false
            },
            {
              "title": "Return Light color",
              "fullTitle": "Header tests Return Light color",
              "timedOut": null,
              "duration": 630,
              "state": "passed",
              "speed": "fast",
              "pass": true,
              "fail": false,
              "pending": false,
              "context": null,
              "code": "cy.get(\"button.select-button\").click();\ncy.get(\"nb-option[ng-reflect-value='default']\").invoke(\"text\").then(tub => {\n  const tubText = tub.trim();\n  cy.wrap(tubText).should(\"eq\", \"Light\");\n});\ncy.get(\"nb-option[ng-reflect-value='default']\").click();\ncy.get(\"nb-layout-header nav\").should(\"have.css\", \"background-color\", colors.Light);",
              "err": {},
              "uuid": "8beb1054-dcb9-4a6b-900b-ad7ace9d6c04",
              "parentUUID": "381c649a-4607-4be9-b9a9-442050f1c871",
              "isHook": false,
              "skipped": false
            }
          ],
          "suites": [],
          "passes": [
            "4bef7724-1f57-4dd7-a385-c42381d14ba9",
            "d27e5ba8-5b4a-4bea-a969-ce9c9d223531",
            "121ee1e7-ae7b-4623-ab55-7183f997f52c",
            "c0abaf29-18bd-43b2-aea1-481bc8850900",
            "8beb1054-dcb9-4a6b-900b-ad7ace9d6c04"
          ],
          "failures": [],
          "pending": [],
          "skipped": [],
          "duration": 4041,
          "root": false,
          "rootEmpty": false,
          "_timeout": 2000
        }
      ],
      "passes": [],
      "failures": [],
      "pending": [],
      "skipped": [],
      "duration": 0,
      "root": true,
      "rootEmpty": true,
      "_timeout": 2000
    }
  ],
  "meta": {
    "mocha": {
      "version": "7.0.1"
    },
    "mochawesome": {
      "options": {
        "quiet": false,
        "reportFilename": "mochawesome",
        "saveHtml": false,
        "saveJson": true,
        "consoleReporter": "spec",
        "useInlineDiffs": false,
        "code": true
      },
      "version": "7.1.3"
    },
    "marge": {
      "options": {
        "reportDir": "cypress/results",
        "overwrite": false,
        "html": false,
        "json": true
      },
      "version": "6.2.0"
    }
  }
}