{
  "stats": {
    "suites": 1,
    "tests": 5,
    "passes": 5,
    "pending": 0,
    "failures": 0,
    "start": "2024-02-09T19:19:55.821Z",
    "end": "2024-02-09T19:19:57.297Z",
    "duration": 1476,
    "testsRegistered": 5,
    "passPercent": 100,
    "pendingPercent": 0,
    "other": 0,
    "hasOther": false,
    "skipped": 0,
    "hasSkipped": false
  },
  "results": [
    {
      "uuid": "91c2f274-4125-4e0b-8703-84dfb66faf7c",
      "title": "",
      "fullFile": "cypress/e2e/smoke-tests/api.spec.js",
      "file": "cypress/e2e/smoke-tests/api.spec.js",
      "beforeHooks": [],
      "afterHooks": [],
      "tests": [],
      "suites": [
        {
          "uuid": "0908c585-87f7-468f-b15a-34317c6309c4",
          "title": "API request",
          "fullFile": "",
          "file": "",
          "beforeHooks": [],
          "afterHooks": [],
          "tests": [
            {
              "title": "GET request ",
              "fullTitle": "API request GET request ",
              "timedOut": null,
              "duration": 200,
              "state": "passed",
              "speed": "fast",
              "pass": true,
              "fail": false,
              "pending": false,
              "context": null,
              "code": "cy.request(\"GET\", baseUrl).then(response => {\n  expect(response.status).eq(200);\n  expect(response.body).lengthOf(100);\n});",
              "err": {},
              "uuid": "0e634407-37e5-4e38-a733-8bcd4f8a79fb",
              "parentUUID": "0908c585-87f7-468f-b15a-34317c6309c4",
              "isHook": false,
              "skipped": false
            },
            {
              "title": "POST request ",
              "fullTitle": "API request POST request ",
              "timedOut": null,
              "duration": 168,
              "state": "passed",
              "speed": "fast",
              "pass": true,
              "fail": false,
              "pending": false,
              "context": null,
              "code": "cy.request(\"POST\", baseUrl, {\n  fixture: \"user\"\n}).then(response => {\n  expect(response.status).eq(201);\n  expect(response.statusText).eq(\"Created\");\n});",
              "err": {},
              "uuid": "ad35af20-f4d2-46ca-a316-5d5d238652fb",
              "parentUUID": "0908c585-87f7-468f-b15a-34317c6309c4",
              "isHook": false,
              "skipped": false
            },
            {
              "title": "PUT request test ",
              "fullTitle": "API request PUT request test ",
              "timedOut": null,
              "duration": 728,
              "state": "passed",
              "speed": "fast",
              "pass": true,
              "fail": false,
              "pending": false,
              "context": null,
              "code": "cy.request(\"PUT\", baseUrl + userId, {\n  fixture: \"user\"\n}).its(\"status\").should(\"eq\", 200);",
              "err": {},
              "uuid": "4ba6e6be-a024-44d8-b52d-0b50d0404761",
              "parentUUID": "0908c585-87f7-468f-b15a-34317c6309c4",
              "isHook": false,
              "skipped": false
            },
            {
              "title": "PATCH request ",
              "fullTitle": "API request PATCH request ",
              "timedOut": null,
              "duration": 166,
              "state": "passed",
              "speed": "fast",
              "pass": true,
              "fail": false,
              "pending": false,
              "context": null,
              "code": "cy.request(\"PATCH\", baseUrl + userId, {\n  \"title\": \"Hillel\"\n}).then(response => {\n  expect(response.status).eq(200);\n  expect(response.body).to.have.property('title', 'Hillel');\n});",
              "err": {},
              "uuid": "b63eca3b-b46d-41a6-bb14-6c82566d7a5a",
              "parentUUID": "0908c585-87f7-468f-b15a-34317c6309c4",
              "isHook": false,
              "skipped": false
            },
            {
              "title": "DELETE request ",
              "fullTitle": "API request DELETE request ",
              "timedOut": null,
              "duration": 155,
              "state": "passed",
              "speed": "fast",
              "pass": true,
              "fail": false,
              "pending": false,
              "context": null,
              "code": "cy.request(\"DELETE\", baseUrl + userId).then(response => {\n  expect(response.status).eq(200);\n  expect(response.duration).lessThan(200);\n});",
              "err": {},
              "uuid": "e6b730e5-d658-4bf2-8c9c-3cb92a941107",
              "parentUUID": "0908c585-87f7-468f-b15a-34317c6309c4",
              "isHook": false,
              "skipped": false
            }
          ],
          "suites": [],
          "passes": [
            "0e634407-37e5-4e38-a733-8bcd4f8a79fb",
            "ad35af20-f4d2-46ca-a316-5d5d238652fb",
            "4ba6e6be-a024-44d8-b52d-0b50d0404761",
            "b63eca3b-b46d-41a6-bb14-6c82566d7a5a",
            "e6b730e5-d658-4bf2-8c9c-3cb92a941107"
          ],
          "failures": [],
          "pending": [],
          "skipped": [],
          "duration": 1417,
          "root": false,
          "rootEmpty": false,
          "_timeout": 2000
        }
      ],
      "passes": [],
      "failures": [],
      "pending": [],
      "skipped": [],
      "duration": 0,
      "root": true,
      "rootEmpty": true,
      "_timeout": 2000
    }
  ],
  "meta": {
    "mocha": {
      "version": "7.0.1"
    },
    "mochawesome": {
      "options": {
        "quiet": false,
        "reportFilename": "mochawesome",
        "saveHtml": false,
        "saveJson": true,
        "consoleReporter": "spec",
        "useInlineDiffs": false,
        "code": true
      },
      "version": "7.1.3"
    },
    "marge": {
      "options": {
        "reportDir": "cypress/results",
        "overwrite": false,
        "html": false,
        "json": true
      },
      "version": "6.2.0"
    }
  }
}