{
  "stats": {
    "suites": 1,
    "tests": 1,
    "passes": 1,
    "pending": 0,
    "failures": 0,
    "start": "2023-12-25T18:50:28.522Z",
    "end": "2023-12-25T18:50:28.652Z",
    "duration": 130,
    "testsRegistered": 1,
    "passPercent": 100,
    "pendingPercent": 0,
    "other": 0,
    "hasOther": false,
    "skipped": 0,
    "hasSkipped": false
  },
  "results": [
    {
      "uuid": "fc8a13d8-d670-43ca-9e4f-38b3687f0db2",
      "title": "",
      "fullFile": "cypress/e2e/smoke-tests/test2.spec.js",
      "file": "cypress/e2e/smoke-tests/test2.spec.js",
      "beforeHooks": [],
      "afterHooks": [],
      "tests": [],
      "suites": [
        {
          "uuid": "f56506b7-5d24-48d8-9a39-1c38e472e335",
          "title": "test2 ",
          "fullFile": "",
          "file": "",
          "beforeHooks": [],
          "afterHooks": [],
          "tests": [
            {
              "title": "GET request ",
              "fullTitle": "test2  GET request ",
              "timedOut": null,
              "duration": 96,
              "state": "passed",
              "speed": "fast",
              "pass": true,
              "fail": false,
              "pending": false,
              "context": null,
              "code": "cy.request(\"GET\", baseUrl).then(response => {\n  expect(response.status).eq(200);\n  expect(response.body).lengthOf(100);\n});",
              "err": {},
              "uuid": "8d7283d7-87df-4579-989e-9b82e8d801c7",
              "parentUUID": "f56506b7-5d24-48d8-9a39-1c38e472e335",
              "isHook": false,
              "skipped": false
            }
          ],
          "suites": [],
          "passes": [
            "8d7283d7-87df-4579-989e-9b82e8d801c7"
          ],
          "failures": [],
          "pending": [],
          "skipped": [],
          "duration": 96,
          "root": false,
          "rootEmpty": false,
          "_timeout": 2000
        }
      ],
      "passes": [],
      "failures": [],
      "pending": [],
      "skipped": [],
      "duration": 0,
      "root": true,
      "rootEmpty": true,
      "_timeout": 2000
    }
  ],
  "meta": {
    "mocha": {
      "version": "7.0.1"
    },
    "mochawesome": {
      "options": {
        "quiet": false,
        "reportFilename": "mochawesome",
        "saveHtml": false,
        "saveJson": true,
        "consoleReporter": "spec",
        "useInlineDiffs": false,
        "code": true
      },
      "version": "7.1.3"
    },
    "marge": {
      "options": {
        "reportDir": "cypress/results",
        "overwrite": false,
        "html": false,
        "json": true
      },
      "version": "6.2.0"
    }
  }
}