{
  "stats": {
    "suites": 1,
    "tests": 1,
    "passes": 1,
    "pending": 0,
    "failures": 0,
    "start": "2023-12-26T17:32:41.399Z",
    "end": "2023-12-26T17:32:42.960Z",
    "duration": 1561,
    "testsRegistered": 1,
    "passPercent": 100,
    "pendingPercent": 0,
    "other": 0,
    "hasOther": false,
    "skipped": 0,
    "hasSkipped": false
  },
  "results": [
    {
      "uuid": "c099709a-2dce-4604-a6f1-85c469b6f4cd",
      "title": "",
      "fullFile": "cypress/e2e/hw-7-CypressFirstUITest/modalOverlaysDialog /openDialog.spec.js",
      "file": "cypress/e2e/hw-7-CypressFirstUITest/modalOverlaysDialog /openDialog.spec.js",
      "beforeHooks": [],
      "afterHooks": [],
      "tests": [],
      "suites": [
        {
          "uuid": "8f59064b-e5cf-4c3a-acf0-2a94197dac54",
          "title": "Dialog tub",
          "fullFile": "",
          "file": "",
          "beforeHooks": [],
          "afterHooks": [],
          "tests": [
            {
              "title": "Check popover",
              "fullTitle": "Dialog tub Check popover",
              "timedOut": null,
              "duration": 1508,
              "state": "passed",
              "speed": "fast",
              "pass": true,
              "fail": false,
              "pending": false,
              "context": null,
              "code": "const name = \"Admin\";\ncy.visit(\"/pages/modal-overlays/dialog\");\ncy.get(\"nb-card-body.result-from-dialog > button\").click();\ncy.get(\"input[placeholder='Name']\").type(name);\ncy.get(\"button[status='success']\").click();\ncy.get(\"nb-card-body.result-from-dialog > ul > li\").should(\"have.text\", name);",
              "err": {},
              "uuid": "3bf6bfc7-0e18-4e33-82ee-129ec19c6f41",
              "parentUUID": "8f59064b-e5cf-4c3a-acf0-2a94197dac54",
              "isHook": false,
              "skipped": false
            }
          ],
          "suites": [],
          "passes": [
            "3bf6bfc7-0e18-4e33-82ee-129ec19c6f41"
          ],
          "failures": [],
          "pending": [],
          "skipped": [],
          "duration": 1508,
          "root": false,
          "rootEmpty": false,
          "_timeout": 2000
        }
      ],
      "passes": [],
      "failures": [],
      "pending": [],
      "skipped": [],
      "duration": 0,
      "root": true,
      "rootEmpty": true,
      "_timeout": 2000
    }
  ],
  "meta": {
    "mocha": {
      "version": "7.0.1"
    },
    "mochawesome": {
      "options": {
        "quiet": false,
        "reportFilename": "mochawesome",
        "saveHtml": false,
        "saveJson": true,
        "consoleReporter": "spec",
        "useInlineDiffs": false,
        "code": true
      },
      "version": "7.1.3"
    },
    "marge": {
      "options": {
        "reportDir": "cypress/results",
        "overwrite": false,
        "html": false,
        "json": true
      },
      "version": "6.2.0"
    }
  }
}