{
  "stats": {
    "suites": 1,
    "tests": 5,
    "passes": 5,
    "pending": 0,
    "failures": 0,
    "start": "2023-12-26T15:20:15.145Z",
    "end": "2023-12-26T15:20:20.900Z",
    "duration": 5755,
    "testsRegistered": 5,
    "passPercent": 100,
    "pendingPercent": 0,
    "other": 0,
    "hasOther": false,
    "skipped": 0,
    "hasSkipped": false
  },
  "results": [
    {
      "uuid": "441c4787-54ce-4d9b-8ec9-856a89632a6b",
      "title": "",
      "fullFile": "cypress/e2e/hw-7-CypressFirstUITest/headerNav/header.spec.js",
      "file": "cypress/e2e/hw-7-CypressFirstUITest/headerNav/header.spec.js",
      "beforeHooks": [],
      "afterHooks": [],
      "tests": [],
      "suites": [
        {
          "uuid": "2ddde97c-4982-4016-8d21-c7994326e974",
          "title": "Header tests",
          "fullFile": "",
          "file": "",
          "beforeHooks": [],
          "afterHooks": [],
          "tests": [
            {
              "title": "Change to light color ",
              "fullTitle": "Header tests Change to light color ",
              "timedOut": null,
              "duration": 1713,
              "state": "passed",
              "speed": "fast",
              "pass": true,
              "fail": false,
              "pending": false,
              "context": null,
              "code": "cy.get(\"button.select-button\").invoke(\"text\").then(tub => {\n  const tubText = tub.trim();\n  cy.wrap(tubText).should(\"eq\", \"Light\");\n});\ncy.get(\"nb-layout-header nav\").should(\"have.css\", \"background-color\", colors.Light);",
              "err": {},
              "uuid": "4914aba7-23dc-42d8-8ac1-afa760ff488c",
              "parentUUID": "2ddde97c-4982-4016-8d21-c7994326e974",
              "isHook": false,
              "skipped": false
            },
            {
              "title": "Change to dark color",
              "fullTitle": "Header tests Change to dark color",
              "timedOut": null,
              "duration": 1203,
              "state": "passed",
              "speed": "fast",
              "pass": true,
              "fail": false,
              "pending": false,
              "context": null,
              "code": "cy.get(\"button.select-button\").click();\ncy.get(\"nb-option[ng-reflect-value='dark']\").invoke(\"text\").then(tub => {\n  const tubText = tub.trim();\n  cy.wrap(tubText).should(\"eq\", \"Dark\");\n});\ncy.get(\"nb-option[ng-reflect-value='dark']\").click();\ncy.get(\"nb-layout-header nav\").should(\"have.css\", \"background-color\", colors.Dark);",
              "err": {},
              "uuid": "23549222-7e18-4589-aa11-78333d5a6dec",
              "parentUUID": "2ddde97c-4982-4016-8d21-c7994326e974",
              "isHook": false,
              "skipped": false
            },
            {
              "title": "Change to cosmic color",
              "fullTitle": "Header tests Change to cosmic color",
              "timedOut": null,
              "duration": 1106,
              "state": "passed",
              "speed": "fast",
              "pass": true,
              "fail": false,
              "pending": false,
              "context": null,
              "code": "cy.get(\"button.select-button\").click();\ncy.get(\"nb-option[ng-reflect-value='cosmic']\").invoke(\"text\").then(tub => {\n  const tubText = tub.trim();\n  cy.wrap(tubText).should(\"eq\", \"Cosmic\");\n});\ncy.get(\"nb-option[ng-reflect-value='cosmic']\").click();\ncy.get(\"nb-layout-header nav\").should(\"have.css\", \"background-color\", colors.Cosmic);",
              "err": {},
              "uuid": "b1369bd4-0800-41a2-b1d7-306aa9d6c803",
              "parentUUID": "2ddde97c-4982-4016-8d21-c7994326e974",
              "isHook": false,
              "skipped": false
            },
            {
              "title": "Change to corporate  color",
              "fullTitle": "Header tests Change to corporate  color",
              "timedOut": null,
              "duration": 828,
              "state": "passed",
              "speed": "fast",
              "pass": true,
              "fail": false,
              "pending": false,
              "context": null,
              "code": "cy.get(\"button.select-button\").click();\ncy.get(\"nb-option[ng-reflect-value='corporate']\").invoke(\"text\").then(tub => {\n  const tubText = tub.trim();\n  cy.wrap(tubText).should(\"eq\", \"Corporate\");\n});\ncy.get(\"nb-option[ng-reflect-value='corporate']\").click();\ncy.get(\"nb-layout-header nav\").should(\"have.css\", \"background-color\", colors.Corporate);",
              "err": {},
              "uuid": "48e626ea-baa6-4957-9e3a-cff99159e612",
              "parentUUID": "2ddde97c-4982-4016-8d21-c7994326e974",
              "isHook": false,
              "skipped": false
            },
            {
              "title": "Return Light color",
              "fullTitle": "Header tests Return Light color",
              "timedOut": null,
              "duration": 688,
              "state": "passed",
              "speed": "fast",
              "pass": true,
              "fail": false,
              "pending": false,
              "context": null,
              "code": "cy.get(\"button.select-button\").click();\ncy.get(\"nb-option[ng-reflect-value='default']\").invoke(\"text\").then(tub => {\n  const tubText = tub.trim();\n  cy.wrap(tubText).should(\"eq\", \"Light\");\n});\ncy.get(\"nb-option[ng-reflect-value='default']\").click();\ncy.get(\"nb-layout-header nav\").should(\"have.css\", \"background-color\", colors.Light);",
              "err": {},
              "uuid": "30c6a3cd-11c4-42a0-8d4d-30abdbc796ef",
              "parentUUID": "2ddde97c-4982-4016-8d21-c7994326e974",
              "isHook": false,
              "skipped": false
            }
          ],
          "suites": [],
          "passes": [
            "4914aba7-23dc-42d8-8ac1-afa760ff488c",
            "23549222-7e18-4589-aa11-78333d5a6dec",
            "b1369bd4-0800-41a2-b1d7-306aa9d6c803",
            "48e626ea-baa6-4957-9e3a-cff99159e612",
            "30c6a3cd-11c4-42a0-8d4d-30abdbc796ef"
          ],
          "failures": [],
          "pending": [],
          "skipped": [],
          "duration": 5538,
          "root": false,
          "rootEmpty": false,
          "_timeout": 2000
        }
      ],
      "passes": [],
      "failures": [],
      "pending": [],
      "skipped": [],
      "duration": 0,
      "root": true,
      "rootEmpty": true,
      "_timeout": 2000
    }
  ],
  "meta": {
    "mocha": {
      "version": "7.0.1"
    },
    "mochawesome": {
      "options": {
        "quiet": false,
        "reportFilename": "mochawesome",
        "saveHtml": false,
        "saveJson": true,
        "consoleReporter": "spec",
        "useInlineDiffs": false,
        "code": true
      },
      "version": "7.1.3"
    },
    "marge": {
      "options": {
        "reportDir": "cypress/results",
        "overwrite": false,
        "html": false,
        "json": true
      },
      "version": "6.2.0"
    }
  }
}