{
  "stats": {
    "suites": 2,
    "tests": 3,
    "passes": 3,
    "pending": 0,
    "failures": 0,
    "testsRegistered": 3,
    "passPercent": 100,
    "pendingPercent": 0,
    "other": 0,
    "hasOther": false,
    "skipped": 0,
    "hasSkipped": false,
    "start": "2023-12-08T21:36:34.544Z",
    "end": "2023-12-08T21:36:37.862Z",
    "duration": 3318
  },
  "results": [
    {
      "uuid": "622c0f74-9546-47c3-bc49-7068f9e67efe",
      "title": "",
      "fullFile": "cypress/e2e/smoke-tests/test2.spec.js",
      "file": "cypress/e2e/smoke-tests/test2.spec.js",
      "beforeHooks": [],
      "afterHooks": [],
      "tests": [],
      "suites": [
        {
          "uuid": "832b176e-ad4b-4cf5-a453-bab74cd9b3cf",
          "title": "test2 ",
          "fullFile": "",
          "file": "",
          "beforeHooks": [],
          "afterHooks": [],
          "tests": [
            {
              "title": "GET request ",
              "fullTitle": "test2  GET request ",
              "timedOut": null,
              "duration": 87,
              "state": "passed",
              "speed": "fast",
              "pass": true,
              "fail": false,
              "pending": false,
              "context": null,
              "code": "cy.request(\"GET\", baseUrl).then(response => {\n  expect(response.status).eq(200);\n  expect(response.body).lengthOf(100);\n});",
              "err": {},
              "uuid": "4faca86b-38ed-4c83-bd28-3d0a898fc655",
              "parentUUID": "832b176e-ad4b-4cf5-a453-bab74cd9b3cf",
              "isHook": false,
              "skipped": false
            }
          ],
          "suites": [],
          "passes": [
            "4faca86b-38ed-4c83-bd28-3d0a898fc655"
          ],
          "failures": [],
          "pending": [],
          "skipped": [],
          "duration": 87,
          "root": false,
          "rootEmpty": false,
          "_timeout": 2000
        }
      ],
      "passes": [],
      "failures": [],
      "pending": [],
      "skipped": [],
      "duration": 0,
      "root": true,
      "rootEmpty": true,
      "_timeout": 2000
    },
    {
      "uuid": "230775d4-1348-4ea6-8749-1687c81688f0",
      "title": "",
      "fullFile": "cypress/e2e/smoke-tests/test1.spec.js",
      "file": "cypress/e2e/smoke-tests/test1.spec.js",
      "beforeHooks": [],
      "afterHooks": [],
      "tests": [],
      "suites": [
        {
          "uuid": "335ac184-29c1-4e5c-9ac7-4c259eacf735",
          "title": "test1",
          "fullFile": "",
          "file": "",
          "beforeHooks": [],
          "afterHooks": [],
          "tests": [
            {
              "title": "GET request ",
              "fullTitle": "test1 GET request ",
              "timedOut": null,
              "duration": 202,
              "state": "passed",
              "speed": "fast",
              "pass": true,
              "fail": false,
              "pending": false,
              "context": null,
              "code": "cy.request(\"GET\", baseUrl).then(response => {\n  expect(response.status).eq(200);\n  expect(response.body).lengthOf(100);\n});",
              "err": {},
              "uuid": "68088050-215f-4c93-85a4-dcd467a89773",
              "parentUUID": "335ac184-29c1-4e5c-9ac7-4c259eacf735",
              "isHook": false,
              "skipped": false
            },
            {
              "title": "POST request ",
              "fullTitle": "test1 POST request ",
              "timedOut": null,
              "duration": 164,
              "state": "passed",
              "speed": "fast",
              "pass": true,
              "fail": false,
              "pending": false,
              "context": null,
              "code": "cy.request(\"POST\", baseUrl, {\n  fixture: \"user\"\n}).then(response => {\n  expect(response.status).eq(201);\n  expect(response.statusText).eq(\"Created\");\n});",
              "err": {},
              "uuid": "b2d3218f-85f2-4072-b51c-5d0c418ccce6",
              "parentUUID": "335ac184-29c1-4e5c-9ac7-4c259eacf735",
              "isHook": false,
              "skipped": false
            }
          ],
          "suites": [],
          "passes": [
            "68088050-215f-4c93-85a4-dcd467a89773",
            "b2d3218f-85f2-4072-b51c-5d0c418ccce6"
          ],
          "failures": [],
          "pending": [],
          "skipped": [],
          "duration": 366,
          "root": false,
          "rootEmpty": false,
          "_timeout": 2000
        }
      ],
      "passes": [],
      "failures": [],
      "pending": [],
      "skipped": [],
      "duration": 0,
      "root": true,
      "rootEmpty": true,
      "_timeout": 2000
    }
  ],
  "meta": {
    "mocha": {
      "version": "7.0.1"
    },
    "mochawesome": {
      "options": {
        "quiet": false,
        "reportFilename": "mochawesome",
        "saveHtml": false,
        "saveJson": true,
        "consoleReporter": "spec",
        "useInlineDiffs": false,
        "code": true
      },
      "version": "7.1.3"
    },
    "marge": {
      "options": {
        "reportDir": "cypress/results",
        "overwrite": false,
        "html": false,
        "json": true
      },
      "version": "6.2.0"
    }
  }
}