{
  "stats": {
    "suites": 10,
    "tests": 23,
    "passes": 23,
    "pending": 0,
    "failures": 0,
    "testsRegistered": 23,
    "passPercent": 100,
    "pendingPercent": 0,
    "other": 0,
    "hasOther": false,
    "skipped": 0,
    "hasSkipped": false,
    "start": "2023-12-28T18:32:38.118Z",
    "end": "2023-12-28T18:34:20.260Z",
    "duration": 102142
  },
  "results": [
    {
      "uuid": "e4221fd5-3199-468b-895d-12cd4b3d2c9f",
      "title": "",
      "fullFile": "cypress/e2e/hw-7-CypressFirstUITest/modalOverlaysDialog /openDialog.spec.js",
      "file": "cypress/e2e/hw-7-CypressFirstUITest/modalOverlaysDialog /openDialog.spec.js",
      "beforeHooks": [],
      "afterHooks": [],
      "tests": [],
      "suites": [
        {
          "uuid": "97705480-05f8-4229-afd4-6acd194d9240",
          "title": "Dialog tub",
          "fullFile": "",
          "file": "",
          "beforeHooks": [],
          "afterHooks": [],
          "tests": [
            {
              "title": "Check popover",
              "fullTitle": "Dialog tub Check popover",
              "timedOut": null,
              "duration": 1390,
              "state": "passed",
              "speed": "fast",
              "pass": true,
              "fail": false,
              "pending": false,
              "context": null,
              "code": "const name = \"Admin\";\ncy.visit(\"/pages/modal-overlays/dialog\");\ncy.get(\"nb-card-body.result-from-dialog > button\").click();\ncy.get(\"input[placeholder='Name']\").type(name);\ncy.get(\"button[status='success']\").click();\ncy.get(\"nb-card-body.result-from-dialog > ul > li\").should(\"have.text\", name);",
              "err": {},
              "uuid": "afe1a033-9f33-4ca8-acc7-9e66370c7b48",
              "parentUUID": "97705480-05f8-4229-afd4-6acd194d9240",
              "isHook": false,
              "skipped": false
            }
          ],
          "suites": [],
          "passes": [
            "afe1a033-9f33-4ca8-acc7-9e66370c7b48"
          ],
          "failures": [],
          "pending": [],
          "skipped": [],
          "duration": 1390,
          "root": false,
          "rootEmpty": false,
          "_timeout": 2000
        }
      ],
      "passes": [],
      "failures": [],
      "pending": [],
      "skipped": [],
      "duration": 0,
      "root": true,
      "rootEmpty": true,
      "_timeout": 2000
    },
    {
      "uuid": "55892449-2837-4a07-84f6-7d8acfb0a426",
      "title": "",
      "fullFile": "cypress/e2e/hw-7-CypressFirstUITest/modalOverlaysPopover/popoverPosition.spec.js",
      "file": "cypress/e2e/hw-7-CypressFirstUITest/modalOverlaysPopover/popoverPosition.spec.js",
      "beforeHooks": [],
      "afterHooks": [],
      "tests": [],
      "suites": [
        {
          "uuid": "27a5c382-d114-4f86-bdb6-8b33ffb63f03",
          "title": "Popover tub",
          "fullFile": "",
          "file": "",
          "beforeHooks": [],
          "afterHooks": [],
          "tests": [
            {
              "title": "Check popover",
              "fullTitle": "Popover tub Check popover",
              "timedOut": null,
              "duration": 1382,
              "state": "passed",
              "speed": "fast",
              "pass": true,
              "fail": false,
              "pending": false,
              "context": null,
              "code": "cy.visit(\"/pages/modal-overlays/popover\");\ncy.contains(\"Right\").trigger(\"mouseenter\");\ncy.get(\".primitive-overlay\").should(\"be.visible\");",
              "err": {},
              "uuid": "f547a291-5452-41dd-a614-46ca7f500230",
              "parentUUID": "27a5c382-d114-4f86-bdb6-8b33ffb63f03",
              "isHook": false,
              "skipped": false
            }
          ],
          "suites": [],
          "passes": [
            "f547a291-5452-41dd-a614-46ca7f500230"
          ],
          "failures": [],
          "pending": [],
          "skipped": [],
          "duration": 1382,
          "root": false,
          "rootEmpty": false,
          "_timeout": 2000
        }
      ],
      "passes": [],
      "failures": [],
      "pending": [],
      "skipped": [],
      "duration": 0,
      "root": true,
      "rootEmpty": true,
      "_timeout": 2000
    },
    {
      "uuid": "e8ddffdc-df42-48e8-9075-5e3c36251e4d",
      "title": "",
      "fullFile": "cypress/e2e/pageObjectTests/datePickerTest.spec.js",
      "file": "cypress/e2e/pageObjectTests/datePickerTest.spec.js",
      "beforeHooks": [],
      "afterHooks": [],
      "tests": [],
      "suites": [
        {
          "uuid": "ea207c62-fbf0-4543-af8b-692adb957d0a",
          "title": "Date picker tests with PageObject",
          "fullFile": "",
          "file": "",
          "beforeHooks": [],
          "afterHooks": [],
          "tests": [
            {
              "title": "Check that present date is displayed correctly in the input",
              "fullTitle": "Date picker tests with PageObject Check that present date is displayed correctly in the input",
              "timedOut": null,
              "duration": 1261,
              "state": "passed",
              "speed": "fast",
              "pass": true,
              "fail": false,
              "pending": false,
              "context": null,
              "code": "datePickerPage.openDatePickerPage();\ndatePickerPage.formPicker.click();\ndatePickerPage.todayDayButton.click();\ndatePickerPage.formPicker.should('have.value', today);",
              "err": {},
              "uuid": "7e5fa189-e4a2-4e29-8ab5-2dcb948ff4cb",
              "parentUUID": "ea207c62-fbf0-4543-af8b-692adb957d0a",
              "isHook": false,
              "skipped": false
            }
          ],
          "suites": [],
          "passes": [
            "7e5fa189-e4a2-4e29-8ab5-2dcb948ff4cb"
          ],
          "failures": [],
          "pending": [],
          "skipped": [],
          "duration": 1261,
          "root": false,
          "rootEmpty": false,
          "_timeout": 2000
        }
      ],
      "passes": [],
      "failures": [],
      "pending": [],
      "skipped": [],
      "duration": 0,
      "root": true,
      "rootEmpty": true,
      "_timeout": 2000
    },
    {
      "uuid": "2938cf6b-c154-4a0d-aa69-cec35be68de7",
      "title": "",
      "fullFile": "cypress/e2e/pageObjectTests/forgotPasswordTest.spec.js",
      "file": "cypress/e2e/pageObjectTests/forgotPasswordTest.spec.js",
      "beforeHooks": [],
      "afterHooks": [],
      "tests": [],
      "suites": [
        {
          "uuid": "58134514-cf36-4886-910a-5018fabcc7f6",
          "title": "Forgot password page",
          "fullFile": "",
          "file": "",
          "beforeHooks": [],
          "afterHooks": [],
          "tests": [
            {
              "title": "Negative test",
              "fullTitle": "Forgot password page Negative test",
              "timedOut": null,
              "duration": 1044,
              "state": "passed",
              "speed": "fast",
              "pass": true,
              "fail": false,
              "pending": false,
              "context": null,
              "code": "forgotPassword.emailInput.type('asd');\nforgotPassword.title.click();\nforgotPassword.emailError.should(\"contain\", \"Email should be the real one!\");",
              "err": {},
              "uuid": "1160dfed-17fe-4829-873d-299fe001c1a3",
              "parentUUID": "58134514-cf36-4886-910a-5018fabcc7f6",
              "isHook": false,
              "skipped": false
            },
            {
              "title": "Check button \"Register\"  ",
              "fullTitle": "Forgot password page Check button \"Register\"  ",
              "timedOut": null,
              "duration": 461,
              "state": "passed",
              "speed": "fast",
              "pass": true,
              "fail": false,
              "pending": false,
              "context": null,
              "code": "forgotPassword.registerButton.click();\nregisterPage.title.should(\"contain.text\", \"Register\");",
              "err": {},
              "uuid": "f3c91ae1-c57e-438c-b79a-a4009e45c79b",
              "parentUUID": "58134514-cf36-4886-910a-5018fabcc7f6",
              "isHook": false,
              "skipped": false
            },
            {
              "title": "Check button \"Back to Login\"  ",
              "fullTitle": "Forgot password page Check button \"Back to Login\"  ",
              "timedOut": null,
              "duration": 441,
              "state": "passed",
              "speed": "fast",
              "pass": true,
              "fail": false,
              "pending": false,
              "context": null,
              "code": "forgotPassword.backToLoginButton.click();\nloginPage.title.should(\"contain.text\", \"Login\");",
              "err": {},
              "uuid": "f6de7904-4c1e-494e-af4e-a9cbd150721a",
              "parentUUID": "58134514-cf36-4886-910a-5018fabcc7f6",
              "isHook": false,
              "skipped": false
            }
          ],
          "suites": [],
          "passes": [
            "1160dfed-17fe-4829-873d-299fe001c1a3",
            "f3c91ae1-c57e-438c-b79a-a4009e45c79b",
            "f6de7904-4c1e-494e-af4e-a9cbd150721a"
          ],
          "failures": [],
          "pending": [],
          "skipped": [],
          "duration": 1946,
          "root": false,
          "rootEmpty": false,
          "_timeout": 2000
        }
      ],
      "passes": [],
      "failures": [],
      "pending": [],
      "skipped": [],
      "duration": 0,
      "root": true,
      "rootEmpty": true,
      "_timeout": 2000
    },
    {
      "uuid": "e3a83f6d-6a9f-4254-9462-aa75c841ad3f",
      "title": "",
      "fullFile": "cypress/e2e/pageObjectTests/loginPageTest.Test.spec.js",
      "file": "cypress/e2e/pageObjectTests/loginPageTest.Test.spec.js",
      "beforeHooks": [],
      "afterHooks": [],
      "tests": [],
      "suites": [
        {
          "uuid": "ec50e278-c083-467c-8251-82e53e58c1c2",
          "title": "Login test with PageObject",
          "fullFile": "",
          "file": "",
          "beforeHooks": [],
          "afterHooks": [],
          "tests": [
            {
              "title": "Negative test",
              "fullTitle": "Login test with PageObject Negative test",
              "timedOut": null,
              "duration": 1443,
              "state": "passed",
              "speed": "fast",
              "pass": true,
              "fail": false,
              "pending": false,
              "context": null,
              "code": "loginPage.emailInput.click().type('asd');\nloginPage.passwordInput.click().type('123');\nloginPage.emailError.should(\"contain\", \"Email should be the real one!\");\nloginPage.customCheckbox.click();\nloginPage.passwordError.should(\"contain\", \"Password should contain from 4 to 50 characters\");\nloginPage.loginButton.should('be.disabled');",
              "err": {},
              "uuid": "e1b016f5-8ef6-4128-9095-7d31cb59b4a2",
              "parentUUID": "ec50e278-c083-467c-8251-82e53e58c1c2",
              "isHook": false,
              "skipped": false
            },
            {
              "title": "Positive test",
              "fullTitle": "Login test with PageObject Positive test",
              "timedOut": null,
              "duration": 4655,
              "state": "passed",
              "speed": "fast",
              "pass": true,
              "fail": false,
              "pending": false,
              "context": null,
              "code": "loginPage.emailInput.click().type('test@i.ua');\nloginPage.passwordInput.click().type('pass');\nloginPage.customCheckbox.click();\nloginPage.loginButton.click();\nheaderPage.iconUI.should(\"be.visible\");",
              "err": {},
              "uuid": "d29d47e9-871f-41b8-ad1f-282d1af4b05e",
              "parentUUID": "ec50e278-c083-467c-8251-82e53e58c1c2",
              "isHook": false,
              "skipped": false
            }
          ],
          "suites": [],
          "passes": [
            "e1b016f5-8ef6-4128-9095-7d31cb59b4a2",
            "d29d47e9-871f-41b8-ad1f-282d1af4b05e"
          ],
          "failures": [],
          "pending": [],
          "skipped": [],
          "duration": 6098,
          "root": false,
          "rootEmpty": false,
          "_timeout": 2000
        }
      ],
      "passes": [],
      "failures": [],
      "pending": [],
      "skipped": [],
      "duration": 0,
      "root": true,
      "rootEmpty": true,
      "_timeout": 2000
    },
    {
      "uuid": "137aef80-cb37-4c4a-a1f8-9dbc91c463d3",
      "title": "",
      "fullFile": "cypress/e2e/pageObjectTests/registerPageTest.spec.js",
      "file": "cypress/e2e/pageObjectTests/registerPageTest.spec.js",
      "beforeHooks": [],
      "afterHooks": [],
      "tests": [],
      "suites": [
        {
          "uuid": "669cab0b-abdc-4d08-8937-ef486256acd5",
          "title": "Register test with PageObject",
          "fullFile": "",
          "file": "",
          "beforeHooks": [],
          "afterHooks": [],
          "tests": [
            {
              "title": "Negative test",
              "fullTitle": "Register test with PageObject Negative test",
              "timedOut": null,
              "duration": 1556,
              "state": "passed",
              "speed": "fast",
              "pass": true,
              "fail": false,
              "pending": false,
              "context": null,
              "code": "registerPage.fullName.type('tes');\nregisterPage.emailInput.click().type('asd');\nregisterPage.passwordInput.click().type('123');\nregisterPage.repeatPasswordInput.click();\nregisterPage.customCheckbox.click();\nregisterPage.fullNameError.should(\"contain\", \"Full name should contains from 4 to 50 characters\");\nregisterPage.emailError.should(\"contain\", \"Email should be the real one!\");\nregisterPage.passwordError.should(\"contain\", \"Password should contain from 4 to 50 characters\");\nregisterPage.repeatPasswordError.should(\"contain\", \"Password confirmation is required!\");",
              "err": {},
              "uuid": "2a1f7740-b388-4c89-acd1-c72f0f95f2e1",
              "parentUUID": "669cab0b-abdc-4d08-8937-ef486256acd5",
              "isHook": false,
              "skipped": false
            },
            {
              "title": "Positive test",
              "fullTitle": "Register test with PageObject Positive test",
              "timedOut": null,
              "duration": 5214,
              "state": "passed",
              "speed": "medium",
              "pass": true,
              "fail": false,
              "pending": false,
              "context": null,
              "code": "registerPage.fullName.click().type('Admin');\nregisterPage.emailInput.click().type('it@gmail.com');\nregisterPage.passwordInput.click().type('qwerty123');\nregisterPage.repeatPasswordInput.click().type('qwerty123');\nregisterPage.customCheckbox.click();\nregisterPage.registerButton.click();\nheaderPage.iconUI.should(\"be.visible\");",
              "err": {},
              "uuid": "3477626e-fe38-4232-a6ce-20c77b403530",
              "parentUUID": "669cab0b-abdc-4d08-8937-ef486256acd5",
              "isHook": false,
              "skipped": false
            }
          ],
          "suites": [],
          "passes": [
            "2a1f7740-b388-4c89-acd1-c72f0f95f2e1",
            "3477626e-fe38-4232-a6ce-20c77b403530"
          ],
          "failures": [],
          "pending": [],
          "skipped": [],
          "duration": 6770,
          "root": false,
          "rootEmpty": false,
          "_timeout": 2000
        }
      ],
      "passes": [],
      "failures": [],
      "pending": [],
      "skipped": [],
      "duration": 0,
      "root": true,
      "rootEmpty": true,
      "_timeout": 2000
    },
    {
      "uuid": "4adcc1b4-0865-4fe7-a57d-3021ebee896c",
      "title": "",
      "fullFile": "cypress/e2e/smoke-tests/api.spec.js",
      "file": "cypress/e2e/smoke-tests/api.spec.js",
      "beforeHooks": [],
      "afterHooks": [],
      "tests": [],
      "suites": [
        {
          "uuid": "5c67a0c6-e811-42c2-b96e-b2f75755c112",
          "title": "API request",
          "fullFile": "",
          "file": "",
          "beforeHooks": [],
          "afterHooks": [],
          "tests": [
            {
              "title": "GET request ",
              "fullTitle": "API request GET request ",
              "timedOut": null,
              "duration": 231,
              "state": "passed",
              "speed": "fast",
              "pass": true,
              "fail": false,
              "pending": false,
              "context": null,
              "code": "cy.request(\"GET\", baseUrl).then(response => {\n  expect(response.status).eq(200);\n  expect(response.body).lengthOf(100);\n});",
              "err": {},
              "uuid": "fd112141-edb8-4fe2-b6b2-85e8e34ca626",
              "parentUUID": "5c67a0c6-e811-42c2-b96e-b2f75755c112",
              "isHook": false,
              "skipped": false
            },
            {
              "title": "POST request ",
              "fullTitle": "API request POST request ",
              "timedOut": null,
              "duration": 169,
              "state": "passed",
              "speed": "fast",
              "pass": true,
              "fail": false,
              "pending": false,
              "context": null,
              "code": "cy.request(\"POST\", baseUrl, {\n  fixture: \"user\"\n}).then(response => {\n  expect(response.status).eq(201);\n  expect(response.statusText).eq(\"Created\");\n});",
              "err": {},
              "uuid": "37f3f546-c0f0-4aab-8ea9-aa7aeadbdab2",
              "parentUUID": "5c67a0c6-e811-42c2-b96e-b2f75755c112",
              "isHook": false,
              "skipped": false
            },
            {
              "title": "PUT request test ",
              "fullTitle": "API request PUT request test ",
              "timedOut": null,
              "duration": 403,
              "state": "passed",
              "speed": "fast",
              "pass": true,
              "fail": false,
              "pending": false,
              "context": null,
              "code": "cy.request(\"PUT\", baseUrl + userId, {\n  fixture: \"user\"\n}).its(\"status\").should(\"eq\", 200);",
              "err": {},
              "uuid": "c9838bf4-07b8-47bc-b5a4-792815fc995d",
              "parentUUID": "5c67a0c6-e811-42c2-b96e-b2f75755c112",
              "isHook": false,
              "skipped": false
            },
            {
              "title": "PATCH request ",
              "fullTitle": "API request PATCH request ",
              "timedOut": null,
              "duration": 171,
              "state": "passed",
              "speed": "fast",
              "pass": true,
              "fail": false,
              "pending": false,
              "context": null,
              "code": "cy.request(\"PATCH\", baseUrl + userId, {\n  \"title\": \"Hillel\"\n}).then(response => {\n  expect(response.status).eq(200);\n  expect(response.body).to.have.property('title', 'Hillel');\n});",
              "err": {},
              "uuid": "db546d8f-8de2-41ec-a003-0c9d5cfa3c25",
              "parentUUID": "5c67a0c6-e811-42c2-b96e-b2f75755c112",
              "isHook": false,
              "skipped": false
            },
            {
              "title": "DELETE request ",
              "fullTitle": "API request DELETE request ",
              "timedOut": null,
              "duration": 181,
              "state": "passed",
              "speed": "fast",
              "pass": true,
              "fail": false,
              "pending": false,
              "context": null,
              "code": "cy.request(\"DELETE\", baseUrl + userId).then(response => {\n  expect(response.status).eq(200);\n  expect(response.duration).lessThan(200);\n});",
              "err": {},
              "uuid": "d815b14d-9c9e-4633-be01-fbc654bfac01",
              "parentUUID": "5c67a0c6-e811-42c2-b96e-b2f75755c112",
              "isHook": false,
              "skipped": false
            }
          ],
          "suites": [],
          "passes": [
            "fd112141-edb8-4fe2-b6b2-85e8e34ca626",
            "37f3f546-c0f0-4aab-8ea9-aa7aeadbdab2",
            "c9838bf4-07b8-47bc-b5a4-792815fc995d",
            "db546d8f-8de2-41ec-a003-0c9d5cfa3c25",
            "d815b14d-9c9e-4633-be01-fbc654bfac01"
          ],
          "failures": [],
          "pending": [],
          "skipped": [],
          "duration": 1155,
          "root": false,
          "rootEmpty": false,
          "_timeout": 2000
        }
      ],
      "passes": [],
      "failures": [],
      "pending": [],
      "skipped": [],
      "duration": 0,
      "root": true,
      "rootEmpty": true,
      "_timeout": 2000
    },
    {
      "uuid": "2e2b3e04-ef86-4989-b020-6f32f7381d16",
      "title": "",
      "fullFile": "cypress/e2e/smoke-tests/test1.spec.js",
      "file": "cypress/e2e/smoke-tests/test1.spec.js",
      "beforeHooks": [],
      "afterHooks": [],
      "tests": [],
      "suites": [
        {
          "uuid": "9a4b150c-d625-433a-a0ab-9271775124c1",
          "title": "test1",
          "fullFile": "",
          "file": "",
          "beforeHooks": [],
          "afterHooks": [],
          "tests": [
            {
              "title": "GET request ",
              "fullTitle": "test1 GET request ",
              "timedOut": null,
              "duration": 87,
              "state": "passed",
              "speed": "fast",
              "pass": true,
              "fail": false,
              "pending": false,
              "context": null,
              "code": "cy.request(\"GET\", baseUrl).then(response => {\n  expect(response.status).eq(200);\n  expect(response.body).lengthOf(100);\n});",
              "err": {},
              "uuid": "831470a8-a676-43c4-9a3a-eb42a250fad1",
              "parentUUID": "9a4b150c-d625-433a-a0ab-9271775124c1",
              "isHook": false,
              "skipped": false
            },
            {
              "title": "POST request ",
              "fullTitle": "test1 POST request ",
              "timedOut": null,
              "duration": 155,
              "state": "passed",
              "speed": "fast",
              "pass": true,
              "fail": false,
              "pending": false,
              "context": null,
              "code": "cy.request(\"POST\", baseUrl, {\n  fixture: \"user\"\n}).then(response => {\n  expect(response.status).eq(201);\n  expect(response.statusText).eq(\"Created\");\n});",
              "err": {},
              "uuid": "5e9eaabf-e952-4744-aeaa-4f5d65daa184",
              "parentUUID": "9a4b150c-d625-433a-a0ab-9271775124c1",
              "isHook": false,
              "skipped": false
            }
          ],
          "suites": [],
          "passes": [
            "831470a8-a676-43c4-9a3a-eb42a250fad1",
            "5e9eaabf-e952-4744-aeaa-4f5d65daa184"
          ],
          "failures": [],
          "pending": [],
          "skipped": [],
          "duration": 242,
          "root": false,
          "rootEmpty": false,
          "_timeout": 2000
        }
      ],
      "passes": [],
      "failures": [],
      "pending": [],
      "skipped": [],
      "duration": 0,
      "root": true,
      "rootEmpty": true,
      "_timeout": 2000
    },
    {
      "uuid": "c8c1dadb-2377-45f1-8f38-128b37bb385f",
      "title": "",
      "fullFile": "cypress/e2e/smoke-tests/test2.spec.js",
      "file": "cypress/e2e/smoke-tests/test2.spec.js",
      "beforeHooks": [],
      "afterHooks": [],
      "tests": [],
      "suites": [
        {
          "uuid": "97338acd-6d6c-4fe2-9288-3e9abd0978b7",
          "title": "test2 ",
          "fullFile": "",
          "file": "",
          "beforeHooks": [],
          "afterHooks": [],
          "tests": [
            {
              "title": "GET request ",
              "fullTitle": "test2  GET request ",
              "timedOut": null,
              "duration": 81,
              "state": "passed",
              "speed": "fast",
              "pass": true,
              "fail": false,
              "pending": false,
              "context": null,
              "code": "cy.request(\"GET\", baseUrl).then(response => {\n  expect(response.status).eq(200);\n  expect(response.body).lengthOf(100);\n});",
              "err": {},
              "uuid": "67c814fe-19ab-41a6-8ae2-9c91bc201dfc",
              "parentUUID": "97338acd-6d6c-4fe2-9288-3e9abd0978b7",
              "isHook": false,
              "skipped": false
            }
          ],
          "suites": [],
          "passes": [
            "67c814fe-19ab-41a6-8ae2-9c91bc201dfc"
          ],
          "failures": [],
          "pending": [],
          "skipped": [],
          "duration": 81,
          "root": false,
          "rootEmpty": false,
          "_timeout": 2000
        }
      ],
      "passes": [],
      "failures": [],
      "pending": [],
      "skipped": [],
      "duration": 0,
      "root": true,
      "rootEmpty": true,
      "_timeout": 2000
    },
    {
      "uuid": "77878ea6-c005-4a34-8256-843cb6ee39d5",
      "title": "",
      "fullFile": "cypress/e2e/hw-7-CypressFirstUITest/headerNav/header.spec.js",
      "file": "cypress/e2e/hw-7-CypressFirstUITest/headerNav/header.spec.js",
      "beforeHooks": [],
      "afterHooks": [],
      "tests": [],
      "suites": [
        {
          "uuid": "6725ea8a-f6bc-4dbc-8d54-2beca1bc1485",
          "title": "Header tests",
          "fullFile": "",
          "file": "",
          "beforeHooks": [],
          "afterHooks": [],
          "tests": [
            {
              "title": "Change to light color ",
              "fullTitle": "Header tests Change to light color ",
              "timedOut": null,
              "duration": 1240,
              "state": "passed",
              "speed": "fast",
              "pass": true,
              "fail": false,
              "pending": false,
              "context": null,
              "code": "cy.get(\"button.select-button\").invoke(\"text\").then(tub => {\n  const tubText = tub.trim();\n  cy.wrap(tubText).should(\"eq\", \"Light\");\n});\ncy.get(\"nb-layout-header nav\").should(\"have.css\", \"background-color\", colors.Light);",
              "err": {},
              "uuid": "8f3e1240-2b99-459e-add6-bdfb5ee426d1",
              "parentUUID": "6725ea8a-f6bc-4dbc-8d54-2beca1bc1485",
              "isHook": false,
              "skipped": false
            },
            {
              "title": "Change to dark color",
              "fullTitle": "Header tests Change to dark color",
              "timedOut": null,
              "duration": 685,
              "state": "passed",
              "speed": "fast",
              "pass": true,
              "fail": false,
              "pending": false,
              "context": null,
              "code": "cy.get(\"button.select-button\").click();\ncy.get(\"nb-option[ng-reflect-value='dark']\").invoke(\"text\").then(tub => {\n  const tubText = tub.trim();\n  cy.wrap(tubText).should(\"eq\", \"Dark\");\n});\ncy.get(\"nb-option[ng-reflect-value='dark']\").click();\ncy.get(\"nb-layout-header nav\").should(\"have.css\", \"background-color\", colors.Dark);",
              "err": {},
              "uuid": "53dc43c3-cd71-4522-a0fe-795a7c66d222",
              "parentUUID": "6725ea8a-f6bc-4dbc-8d54-2beca1bc1485",
              "isHook": false,
              "skipped": false
            },
            {
              "title": "Change to cosmic color",
              "fullTitle": "Header tests Change to cosmic color",
              "timedOut": null,
              "duration": 578,
              "state": "passed",
              "speed": "fast",
              "pass": true,
              "fail": false,
              "pending": false,
              "context": null,
              "code": "cy.get(\"button.select-button\").click();\ncy.get(\"nb-option[ng-reflect-value='cosmic']\").invoke(\"text\").then(tub => {\n  const tubText = tub.trim();\n  cy.wrap(tubText).should(\"eq\", \"Cosmic\");\n});\ncy.get(\"nb-option[ng-reflect-value='cosmic']\").click();\ncy.get(\"nb-layout-header nav\").should(\"have.css\", \"background-color\", colors.Cosmic);",
              "err": {},
              "uuid": "5521de44-f12e-4d30-be7d-d22219abb4c0",
              "parentUUID": "6725ea8a-f6bc-4dbc-8d54-2beca1bc1485",
              "isHook": false,
              "skipped": false
            },
            {
              "title": "Change to corporate  color",
              "fullTitle": "Header tests Change to corporate  color",
              "timedOut": null,
              "duration": 570,
              "state": "passed",
              "speed": "fast",
              "pass": true,
              "fail": false,
              "pending": false,
              "context": null,
              "code": "cy.get(\"button.select-button\").click();\ncy.get(\"nb-option[ng-reflect-value='corporate']\").invoke(\"text\").then(tub => {\n  const tubText = tub.trim();\n  cy.wrap(tubText).should(\"eq\", \"Corporate\");\n});\ncy.get(\"nb-option[ng-reflect-value='corporate']\").click();\ncy.get(\"nb-layout-header nav\").should(\"have.css\", \"background-color\", colors.Corporate);",
              "err": {},
              "uuid": "fd67ada3-4c4c-4ea7-a3d8-0211c5eac4bd",
              "parentUUID": "6725ea8a-f6bc-4dbc-8d54-2beca1bc1485",
              "isHook": false,
              "skipped": false
            },
            {
              "title": "Return Light color",
              "fullTitle": "Header tests Return Light color",
              "timedOut": null,
              "duration": 559,
              "state": "passed",
              "speed": "fast",
              "pass": true,
              "fail": false,
              "pending": false,
              "context": null,
              "code": "cy.get(\"button.select-button\").click();\ncy.get(\"nb-option[ng-reflect-value='default']\").invoke(\"text\").then(tub => {\n  const tubText = tub.trim();\n  cy.wrap(tubText).should(\"eq\", \"Light\");\n});\ncy.get(\"nb-option[ng-reflect-value='default']\").click();\ncy.get(\"nb-layout-header nav\").should(\"have.css\", \"background-color\", colors.Light);",
              "err": {},
              "uuid": "bd12a164-f794-4af0-8990-2c7ae07c8f28",
              "parentUUID": "6725ea8a-f6bc-4dbc-8d54-2beca1bc1485",
              "isHook": false,
              "skipped": false
            }
          ],
          "suites": [],
          "passes": [
            "8f3e1240-2b99-459e-add6-bdfb5ee426d1",
            "53dc43c3-cd71-4522-a0fe-795a7c66d222",
            "5521de44-f12e-4d30-be7d-d22219abb4c0",
            "fd67ada3-4c4c-4ea7-a3d8-0211c5eac4bd",
            "bd12a164-f794-4af0-8990-2c7ae07c8f28"
          ],
          "failures": [],
          "pending": [],
          "skipped": [],
          "duration": 3632,
          "root": false,
          "rootEmpty": false,
          "_timeout": 2000
        }
      ],
      "passes": [],
      "failures": [],
      "pending": [],
      "skipped": [],
      "duration": 0,
      "root": true,
      "rootEmpty": true,
      "_timeout": 2000
    }
  ],
  "meta": {
    "mocha": {
      "version": "7.0.1"
    },
    "mochawesome": {
      "options": {
        "quiet": false,
        "reportFilename": "mochawesome",
        "saveHtml": false,
        "saveJson": true,
        "consoleReporter": "spec",
        "useInlineDiffs": false,
        "code": true
      },
      "version": "7.1.3"
    },
    "marge": {
      "options": {
        "reportDir": "cypress/results",
        "overwrite": false,
        "html": false,
        "json": true
      },
      "version": "6.2.0"
    }
  }
}